[2026-03-21 21:57:01] ======================================================================
[2026-03-21 21:57:01] NACA 0012 — STATIC ALPHA SWEEP WITH k-omega SST (v2)
[2026-03-21 21:57:01] Quasi-Static Bifurcation Hysteresis Study
[2026-03-21 21:57:01] CONVERGENCE FIX: residuals disabled, C_L-based stopping
[2026-03-21 21:57:01] ======================================================================
[2026-03-21 21:57:01] Sweep: 0.0deg -> 22.0deg (step = 1.0deg)
[2026-03-21 21:57:01] Downstroke: 22.0deg -> 0.0deg (hysteresis detection)
[2026-03-21 21:57:01] Convergence: batches of 200 iters, C_L tolerance = 0.1%
[2026-03-21 21:57:01] Iter limits: attached [1000-3000], stall [2000-5000]
[2026-03-21 21:57:01] Mesh: F:\pf\design modeller\NACA 0012_files\dp0\FFF-2\MECH\FFF-2.1.msh
[2026-03-21 21:57:02] Output: F:\pf\design modeller\NACA 0012_files\static_sweep_output_20260321_215701
[2026-03-21 21:57:02] ======================================================================
[2026-03-21 21:57:02] Launching ANSYS Fluent...
[2026-03-21 21:57:35] Loading mesh: F:\pf\design modeller\NACA 0012_files\dp0\FFF-2\MECH\FFF-2.1.msh
[2026-03-21 21:57:49] Turbulence model: k-omega SST
[2026-03-21 21:57:49]   Low-Re Corrections: OFF (Menter & Lechner 2021)
[2026-03-21 21:57:49]   Production Limiter: ON (default, clip factor = 10)
[2026-03-21 21:57:49]   Kato-Launder:       OFF
[2026-03-21 21:58:06] Residual convergence criteria set to 1e-12 via TUI
[2026-03-21 21:58:06] Total alpha stations: 45
[2026-03-21 21:58:06]   Upstroke:   23 points (0.0deg -> 22.0deg)
[2026-03-21 21:58:06]   Downstroke: 22 points (21.0deg -> 0.0deg)
[2026-03-21 21:58:06] 
[2026-03-21 21:58:06] INITIALISATION SEQUENCE
[2026-03-21 21:58:06] ----------------------------------------
[2026-03-21 21:58:06] Hybrid initialisation...
[2026-03-21 21:58:20] [OK] Hybrid initialisation complete
[2026-03-21 21:58:20] Phase 1: 500 iterations (First Order Upwind, CFL=30)...
[2026-03-21 22:48:24] Phase 2: 1500 iterations (Second Order Upwind, CFL=50)...
[2026-03-21 23:58:48] [OK] Initialisation complete at alpha = 0deg
[2026-03-21 23:58:48]      C_L = -0.00012 (expected ~0 for symmetric airfoil)
[2026-03-21 23:58:48]      C_D = 0.00820
[2026-03-21 23:58:48] 
[2026-03-21 23:58:48] ======================================================================
[2026-03-21 23:58:48] BEGINNING ALPHA SWEEP (with adaptive convergence checking)
[2026-03-21 23:58:48] ======================================================================
[2026-03-21 23:58:48] 
[2026-03-21 23:58:48] ============================================================
[2026-03-21 23:58:48]   [1/45] alpha = 0.0deg (upstroke)
[2026-03-21 23:58:48] ============================================================
[2026-03-21 23:58:48]   Convergence settings: min=1000, max=3000, batch=200, tol=0.1%
[2026-03-22 00:04:37]     Batch  1 (  200 iters): C_L = -0.00012, C_D = 0.008197
[2026-03-22 00:10:26]     Batch  2 (  400 iters): C_L = -0.00012, C_D = 0.008197
[2026-03-22 00:16:15]     Batch  3 (  600 iters): C_L = -0.00012, C_D = 0.008197
[2026-03-22 00:22:01]     Batch  4 (  800 iters): C_L = -0.00012, C_D = 0.008197
[2026-03-22 00:27:44]     Batch  5 ( 1000 iters): C_L = -0.00012, C_D = 0.008197
[2026-03-22 00:27:44]              C_L change: 0.0000%, C_D change: 0.0004%
[2026-03-22 00:27:44]     >>> CONVERGED at 1000 iterations (C_L change = 0.0000% < 0.1%)
[2026-03-22 00:27:44]   FINAL: C_L = -0.00012, C_D = 0.008197 | converged at 1000 iters
[2026-03-22 00:27:48]   Saved: F:\pf\design modeller\NACA 0012_files\static_sweep_output_20260321_215701\case_data\naca0012_sst_alpha0_upstroke.cas.h5
[2026-03-22 00:27:48] 
[2026-03-22 00:27:48] ============================================================
[2026-03-22 00:27:48]   [2/45] alpha = 1.0deg (upstroke)
[2026-03-22 00:27:48] ============================================================
[2026-03-22 00:27:48]   Convergence settings: min=1000, max=3000, batch=200, tol=0.1%
[2026-03-22 00:37:58]     Batch  1 (  200 iters): C_L = 0.10851, C_D = 0.008249
[2026-03-22 00:46:44]     Batch  2 (  400 iters): C_L = 0.10851, C_D = 0.008249
[2026-03-22 00:51:37]     Batch  3 (  600 iters): C_L = 0.10851, C_D = 0.008249
[2026-03-22 00:55:27]     Batch  4 (  800 iters): C_L = 0.10851, C_D = 0.008249
[2026-03-22 00:59:37]     Batch  5 ( 1000 iters): C_L = 0.10851, C_D = 0.008249
[2026-03-22 00:59:37]              C_L change: 0.0000%, C_D change: 0.0000%
[2026-03-22 00:59:37]     >>> CONVERGED at 1000 iterations (C_L change = 0.0000% < 0.1%)
[2026-03-22 00:59:38]   FINAL: C_L = 0.10851, C_D = 0.008249 | converged at 1000 iters
[2026-03-22 00:59:38]   ETA: 1308.0 min remaining
[2026-03-22 00:59:38] 
[2026-03-22 00:59:38] ============================================================
[2026-03-22 00:59:38]   [3/45] alpha = 2.0deg (upstroke)
[2026-03-22 00:59:38] ============================================================
[2026-03-22 00:59:38]   Convergence settings: min=1000, max=3000, batch=200, tol=0.1%
[2026-03-22 01:18:33]     Batch  1 (  200 iters): C_L = 0.21707, C_D = 0.008406
[2026-03-22 01:36:41]     Batch  2 (  400 iters): C_L = 0.21707, C_D = 0.008406
[2026-03-22 01:54:09]     Batch  3 (  600 iters): C_L = 0.21707, C_D = 0.008406
[2026-03-22 02:09:50]     Batch  4 (  800 iters): C_L = 0.21707, C_D = 0.008406
[2026-03-22 02:18:09]     Batch  5 ( 1000 iters): C_L = 0.21707, C_D = 0.008406
[2026-03-22 02:18:09]              C_L change: 0.0000%, C_D change: 0.0000%
[2026-03-22 02:18:09]     >>> CONVERGED at 1000 iterations (C_L change = 0.0000% < 0.1%)
[2026-03-22 02:18:09]   FINAL: C_L = 0.21707, C_D = 0.008406 | converged at 1000 iters
[2026-03-22 02:18:09]   ETA: 1951.0 min remaining
[2026-03-22 02:18:09] 
[2026-03-22 02:18:09] ============================================================
[2026-03-22 02:18:09]   [4/45] alpha = 3.0deg (upstroke)
[2026-03-22 02:18:09] ============================================================
[2026-03-22 02:18:10]   Convergence settings: min=1000, max=3000, batch=200, tol=0.1%
[2026-03-22 02:23:22]     Batch  1 (  200 iters): C_L = 0.32538, C_D = 0.008668
[2026-03-22 02:26:24]     Batch  2 (  400 iters): C_L = 0.32538, C_D = 0.008668
[2026-03-22 02:28:49]     Batch  3 (  600 iters): C_L = 0.32538, C_D = 0.008668
[2026-03-22 02:31:14]     Batch  4 (  800 iters): C_L = 0.32538, C_D = 0.008668
[2026-03-22 02:33:39]     Batch  5 ( 1000 iters): C_L = 0.32538, C_D = 0.008668
[2026-03-22 02:33:39]              C_L change: 0.0000%, C_D change: 0.0000%
[2026-03-22 02:33:39]     >>> CONVERGED at 1000 iterations (C_L change = 0.0000% < 0.1%)
[2026-03-22 02:33:40]   FINAL: C_L = 0.32538, C_D = 0.008668 | converged at 1000 iters
[2026-03-22 02:33:40]   ETA: 1587.4 min remaining
[2026-03-22 02:33:40] 
[2026-03-22 02:33:40] ============================================================
[2026-03-22 02:33:40]   [5/45] alpha = 4.0deg (upstroke)
[2026-03-22 02:33:40] ============================================================
[2026-03-22 02:33:40]   Convergence settings: min=1000, max=3000, batch=200, tol=0.1%
[2026-03-22 02:38:19]     Batch  1 (  200 iters): C_L = 0.43306, C_D = 0.009038
[2026-03-22 02:42:23]     Batch  2 (  400 iters): C_L = 0.43306, C_D = 0.009038
[2026-03-22 02:45:01]     Batch  3 (  600 iters): C_L = 0.43306, C_D = 0.009038
[2026-03-22 02:47:43]     Batch  4 (  800 iters): C_L = 0.43306, C_D = 0.009038
[2026-03-22 02:50:33]     Batch  5 ( 1000 iters): C_L = 0.43306, C_D = 0.009038
[2026-03-22 02:50:33]              C_L change: 0.0000%, C_D change: 0.0000%
[2026-03-22 02:50:33]     >>> CONVERGED at 1000 iterations (C_L change = 0.0000% < 0.1%)
[2026-03-22 02:50:33]   FINAL: C_L = 0.43306, C_D = 0.009038 | converged at 1000 iters
[2026-03-22 02:50:33]   ETA: 1374.1 min remaining
[2026-03-22 02:50:33] 
[2026-03-22 02:50:33] ============================================================
[2026-03-22 02:50:33]   [6/45] alpha = 5.0deg (upstroke)
[2026-03-22 02:50:33] ============================================================
[2026-03-22 02:50:34]   Convergence settings: min=1000, max=3000, batch=200, tol=0.1%
[2026-03-22 02:54:33]     Batch  1 (  200 iters): C_L = 0.53991, C_D = 0.009521
[2026-03-22 02:57:11]     Batch  2 (  400 iters): C_L = 0.53991, C_D = 0.009521
[2026-03-22 02:59:46]     Batch  3 (  600 iters): C_L = 0.53991, C_D = 0.009521
[2026-03-22 03:02:20]     Batch  4 (  800 iters): C_L = 0.53991, C_D = 0.009521
[2026-03-22 03:04:54]     Batch  5 ( 1000 iters): C_L = 0.53991, C_D = 0.009521
[2026-03-22 03:04:54]              C_L change: 0.0000%, C_D change: 0.0000%
[2026-03-22 03:04:54]     >>> CONVERGED at 1000 iterations (C_L change = 0.0000% < 0.1%)
[2026-03-22 03:04:54]   FINAL: C_L = 0.53991, C_D = 0.009521 | converged at 1000 iters
[2026-03-22 03:04:54]   ETA: 1209.7 min remaining
[2026-03-22 03:04:54] 
[2026-03-22 03:04:54] ============================================================
[2026-03-22 03:04:54]   [7/45] alpha = 6.0deg (upstroke)
[2026-03-22 03:04:54] ============================================================
[2026-03-22 03:04:55]   Convergence settings: min=1000, max=3000, batch=200, tol=0.1%
[2026-03-22 03:08:43]     Batch  1 (  200 iters): C_L = 0.64582, C_D = 0.010124
[2026-03-22 03:12:19]     Batch  2 (  400 iters): C_L = 0.64582, C_D = 0.010124
[2026-03-22 03:15:51]     Batch  3 (  600 iters): C_L = 0.64582, C_D = 0.010124
[2026-03-22 03:19:34]     Batch  4 (  800 iters): C_L = 0.64582, C_D = 0.010124
[2026-03-22 03:23:57]     Batch  5 ( 1000 iters): C_L = 0.64582, C_D = 0.010124
[2026-03-22 03:23:57]              C_L change: 0.0000%, C_D change: 0.0000%
[2026-03-22 03:23:57]     >>> CONVERGED at 1000 iterations (C_L change = 0.0000% < 0.1%)
[2026-03-22 03:23:57]   FINAL: C_L = 0.64582, C_D = 0.010124 | converged at 1000 iters
[2026-03-22 03:23:57]   ETA: 1113.7 min remaining
[2026-03-22 03:23:57] 
[2026-03-22 03:23:57] ============================================================
[2026-03-22 03:23:57]   [8/45] alpha = 7.0deg (upstroke)
[2026-03-22 03:23:57] ============================================================
[2026-03-22 03:23:58]   Convergence settings: min=1000, max=3000, batch=200, tol=0.1%
[2026-03-22 03:27:29]     Batch  1 (  200 iters): C_L = 0.75052, C_D = 0.010858
[2026-03-22 03:30:45]     Batch  2 (  400 iters): C_L = 0.75052, C_D = 0.010858
[2026-03-22 03:33:58]     Batch  3 (  600 iters): C_L = 0.75052, C_D = 0.010858
[2026-03-22 03:37:24]     Batch  4 (  800 iters): C_L = 0.75052, C_D = 0.010858
[2026-03-22 03:40:56]     Batch  5 ( 1000 iters): C_L = 0.75052, C_D = 0.010858
[2026-03-22 03:40:56]              C_L change: 0.0000%, C_D change: 0.0000%
[2026-03-22 03:40:56]     >>> CONVERGED at 1000 iterations (C_L change = 0.0000% < 0.1%)
[2026-03-22 03:40:56]   FINAL: C_L = 0.75052, C_D = 0.010858 | converged at 1000 iters
[2026-03-22 03:40:57]   ETA: 1027.4 min remaining
[2026-03-22 03:40:57] 
[2026-03-22 03:40:57] ============================================================
[2026-03-22 03:40:57]   [9/45] alpha = 8.0deg (upstroke)
[2026-03-22 03:40:57] ============================================================
[2026-03-22 03:40:57]   Convergence settings: min=1000, max=3000, batch=200, tol=0.1%
[2026-03-22 03:43:57]     Batch  1 (  200 iters): C_L = 0.85365, C_D = 0.011735
[2026-03-22 03:46:08]     Batch  2 (  400 iters): C_L = 0.85365, C_D = 0.011735
[2026-03-22 03:48:15]     Batch  3 (  600 iters): C_L = 0.85365, C_D = 0.011735
[2026-03-22 03:50:21]     Batch  4 (  800 iters): C_L = 0.85365, C_D = 0.011735
[2026-03-22 03:52:26]     Batch  5 ( 1000 iters): C_L = 0.85365, C_D = 0.011735
[2026-03-22 03:52:26]              C_L change: 0.0000%, C_D change: 0.0000%
[2026-03-22 03:52:26]     >>> CONVERGED at 1000 iterations (C_L change = 0.0000% < 0.1%)
[2026-03-22 03:52:26]   FINAL: C_L = 0.85365, C_D = 0.011735 | converged at 1000 iters
[2026-03-22 03:52:26]   ETA: 934.6 min remaining
[2026-03-22 03:52:26] 
[2026-03-22 03:52:26] ============================================================
[2026-03-22 03:52:26]   [10/45] alpha = 9.0deg (upstroke)
[2026-03-22 03:52:26] ============================================================
[2026-03-22 03:52:27]   Convergence settings: min=1000, max=3000, batch=200, tol=0.1%
[2026-03-22 03:55:25]     Batch  1 (  200 iters): C_L = 0.95474, C_D = 0.012772
[2026-03-22 03:58:20]     Batch  2 (  400 iters): C_L = 0.95474, C_D = 0.012772
[2026-03-22 04:01:22]     Batch  3 (  600 iters): C_L = 0.95474, C_D = 0.012772
[2026-03-22 04:04:11]     Batch  4 (  800 iters): C_L = 0.95474, C_D = 0.012772
[2026-03-22 04:07:15]     Batch  5 ( 1000 iters): C_L = 0.95474, C_D = 0.012772
[2026-03-22 04:07:15]              C_L change: 0.0000%, C_D change: 0.0000%
[2026-03-22 04:07:15]     >>> CONVERGED at 1000 iterations (C_L change = 0.0000% < 0.1%)
[2026-03-22 04:07:15]   FINAL: C_L = 0.95474, C_D = 0.012772 | converged at 1000 iters
[2026-03-22 04:07:15]   ETA: 869.6 min remaining
[2026-03-22 04:07:15] 
[2026-03-22 04:07:15] ============================================================
[2026-03-22 04:07:15]   [11/45] alpha = 10.0deg (upstroke)
[2026-03-22 04:07:15] ============================================================
[2026-03-22 04:07:16]   Convergence settings: min=1000, max=3000, batch=200, tol=0.1%
[2026-03-22 04:10:03]     Batch  1 (  200 iters): C_L = 1.05316, C_D = 0.013990
[2026-03-22 04:13:16]     Batch  2 (  400 iters): C_L = 1.05316, C_D = 0.013990
[2026-03-22 04:16:31]     Batch  3 (  600 iters): C_L = 1.05316, C_D = 0.013990
[2026-03-22 04:19:49]     Batch  4 (  800 iters): C_L = 1.05316, C_D = 0.013990
[2026-03-22 04:23:08]     Batch  5 ( 1000 iters): C_L = 1.05316, C_D = 0.013990
[2026-03-22 04:23:08]              C_L change: 0.0000%, C_D change: 0.0004%
[2026-03-22 04:23:08]     >>> CONVERGED at 1000 iterations (C_L change = 0.0000% < 0.1%)
[2026-03-22 04:23:09]   FINAL: C_L = 1.05316, C_D = 0.013990 | converged at 1000 iters
[2026-03-22 04:23:12]   Saved: F:\pf\design modeller\NACA 0012_files\static_sweep_output_20260321_215701\case_data\naca0012_sst_alpha10_upstroke.cas.h5
[2026-03-22 04:23:12]   ETA: 817.2 min remaining
[2026-03-22 04:23:12] 
[2026-03-22 04:23:12] ============================================================
[2026-03-22 04:23:12]   [12/45] alpha = 11.0deg (upstroke)
[2026-03-22 04:23:12] ============================================================
[2026-03-22 04:23:12]   Convergence settings: min=1000, max=3000, batch=200, tol=0.1%
[2026-03-22 04:25:51]     Batch  1 (  200 iters): C_L = 1.14831, C_D = 0.015420
[2026-03-22 04:28:55]     Batch  2 (  400 iters): C_L = 1.14831, C_D = 0.015420
[2026-03-22 04:32:01]     Batch  3 (  600 iters): C_L = 1.14831, C_D = 0.015420
[2026-03-22 04:35:07]     Batch  4 (  800 iters): C_L = 1.14831, C_D = 0.015420
[2026-03-22 04:38:14]     Batch  5 ( 1000 iters): C_L = 1.14831, C_D = 0.015420
[2026-03-22 04:38:14]              C_L change: 0.0000%, C_D change: 0.0000%
[2026-03-22 04:38:14]     >>> CONVERGED at 1000 iterations (C_L change = 0.0000% < 0.1%)
[2026-03-22 04:38:14]   FINAL: C_L = 1.14831, C_D = 0.015420 | converged at 1000 iters
[2026-03-22 04:38:14]   ETA: 768.5 min remaining
[2026-03-22 04:38:14] 
[2026-03-22 04:38:14] ============================================================
[2026-03-22 04:38:14]   [13/45] alpha = 12.0deg (upstroke)
[2026-03-22 04:38:14] ============================================================
[2026-03-22 04:38:15]   Convergence settings: min=2000, max=5000, batch=200, tol=0.1%
[2026-03-22 04:41:00]     Batch  1 (  200 iters): C_L = 1.23927, C_D = 0.017102
[2026-03-22 04:44:12]     Batch  2 (  400 iters): C_L = 1.23927, C_D = 0.017102
[2026-03-22 04:47:27]     Batch  3 (  600 iters): C_L = 1.23927, C_D = 0.017102
[2026-03-22 04:50:42]     Batch  4 (  800 iters): C_L = 1.23927, C_D = 0.017102
[2026-03-22 04:53:57]     Batch  5 ( 1000 iters): C_L = 1.23927, C_D = 0.017102
[2026-03-22 04:57:12]     Batch  6 ( 1200 iters): C_L = 1.23927, C_D = 0.017102
[2026-03-22 05:00:27]     Batch  7 ( 1400 iters): C_L = 1.23927, C_D = 0.017102
[2026-03-22 05:03:42]     Batch  8 ( 1600 iters): C_L = 1.23927, C_D = 0.017102
[2026-03-22 05:06:56]     Batch  9 ( 1800 iters): C_L = 1.23927, C_D = 0.017102
[2026-03-22 05:10:13]     Batch 10 ( 2000 iters): C_L = 1.23927, C_D = 0.017102
[2026-03-22 05:10:13]              C_L change: 0.0000%, C_D change: 0.0005%
[2026-03-22 05:10:13]     >>> CONVERGED at 2000 iterations (C_L change = 0.0000% < 0.1%)
[2026-03-22 05:10:13]   FINAL: C_L = 1.23927, C_D = 0.017102 | converged at 2000 iters
[2026-03-22 05:10:17]   Saved: F:\pf\design modeller\NACA 0012_files\static_sweep_output_20260321_215701\case_data\naca0012_sst_alpha12_upstroke.cas.h5
[2026-03-22 05:10:17]   ETA: 766.7 min remaining
[2026-03-22 05:10:17] 
[2026-03-22 05:10:17] ============================================================
[2026-03-22 05:10:17]   [14/45] alpha = 13.0deg (upstroke)
[2026-03-22 05:10:17] ============================================================
[2026-03-22 05:10:17]   Convergence settings: min=2000, max=5000, batch=200, tol=0.1%
[2026-03-22 05:12:57]     Batch  1 (  200 iters): C_L = 1.32487, C_D = 0.019097
[2026-03-22 05:15:35]     Batch  2 (  400 iters): C_L = 1.32487, C_D = 0.019097
[2026-03-22 05:18:13]     Batch  3 (  600 iters): C_L = 1.32487, C_D = 0.019098
[2026-03-22 05:20:55]     Batch  4 (  800 iters): C_L = 1.32487, C_D = 0.019097
[2026-03-22 05:23:41]     Batch  5 ( 1000 iters): C_L = 1.32487, C_D = 0.019097
[2026-03-22 05:26:28]     Batch  6 ( 1200 iters): C_L = 1.32487, C_D = 0.019097
[2026-03-22 05:29:15]     Batch  7 ( 1400 iters): C_L = 1.32487, C_D = 0.019097
[2026-03-22 05:32:04]     Batch  8 ( 1600 iters): C_L = 1.32487, C_D = 0.019097
[2026-03-22 05:34:53]     Batch  9 ( 1800 iters): C_L = 1.32487, C_D = 0.019097
[2026-03-22 05:37:41]     Batch 10 ( 2000 iters): C_L = 1.32487, C_D = 0.019097
[2026-03-22 05:37:41]              C_L change: 0.0000%, C_D change: 0.0010%
[2026-03-22 05:37:41]     >>> CONVERGED at 2000 iterations (C_L change = 0.0000% < 0.1%)
[2026-03-22 05:37:41]   FINAL: C_L = 1.32487, C_D = 0.019097 | converged at 2000 iters
[2026-03-22 05:37:41]   ETA: 750.4 min remaining
[2026-03-22 05:37:41] 
[2026-03-22 05:37:41] ============================================================
[2026-03-22 05:37:41]   [15/45] alpha = 14.0deg (upstroke)
[2026-03-22 05:37:41] ============================================================
[2026-03-22 05:37:42]   Convergence settings: min=2000, max=5000, batch=200, tol=0.1%
[2026-03-22 05:40:23]     Batch  1 (  200 iters): C_L = 1.40357, C_D = 0.021499
[2026-03-22 05:42:48]     Batch  2 (  400 iters): C_L = 1.40357, C_D = 0.021500
[2026-03-22 05:45:13]     Batch  3 (  600 iters): C_L = 1.40357, C_D = 0.021500
[2026-03-22 05:47:41]     Batch  4 (  800 iters): C_L = 1.40357, C_D = 0.021500
[2026-03-22 05:50:11]     Batch  5 ( 1000 iters): C_L = 1.40357, C_D = 0.021500
[2026-03-22 05:52:40]     Batch  6 ( 1200 iters): C_L = 1.40357, C_D = 0.021499
[2026-03-22 05:55:05]     Batch  7 ( 1400 iters): C_L = 1.40357, C_D = 0.021500
[2026-03-22 05:57:33]     Batch  8 ( 1600 iters): C_L = 1.40357, C_D = 0.021500
[2026-03-22 06:00:02]     Batch  9 ( 1800 iters): C_L = 1.40357, C_D = 0.021500
[2026-03-22 06:02:30]     Batch 10 ( 2000 iters): C_L = 1.40357, C_D = 0.021499
[2026-03-22 06:02:30]              C_L change: 0.0000%, C_D change: 0.0031%
[2026-03-22 06:02:30]     >>> CONVERGED at 2000 iterations (C_L change = 0.0000% < 0.1%)
[2026-03-22 06:02:31]   FINAL: C_L = 1.40357, C_D = 0.021499 | converged at 2000 iters
[2026-03-22 06:02:34]   Saved: F:\pf\design modeller\NACA 0012_files\static_sweep_output_20260321_215701\case_data\naca0012_sst_alpha14_upstroke.cas.h5
[2026-03-22 06:02:34]   ETA: 727.5 min remaining
[2026-03-22 06:02:34] 
[2026-03-22 06:02:34] ============================================================
[2026-03-22 06:02:34]   [16/45] alpha = 15.0deg (upstroke)
[2026-03-22 06:02:34] ============================================================
[2026-03-22 06:02:35]   Convergence settings: min=2000, max=5000, batch=200, tol=0.1%
[2026-03-22 06:05:21]     Batch  1 (  200 iters): C_L = 1.47307, C_D = 0.024470
[2026-03-22 06:07:46]     Batch  2 (  400 iters): C_L = 1.47307, C_D = 0.024469
[2026-03-22 06:10:12]     Batch  3 (  600 iters): C_L = 1.47307, C_D = 0.024469
[2026-03-22 06:12:35]     Batch  4 (  800 iters): C_L = 1.47307, C_D = 0.024469
[2026-03-22 06:15:00]     Batch  5 ( 1000 iters): C_L = 1.47307, C_D = 0.024470
[2026-03-22 06:17:24]     Batch  6 ( 1200 iters): C_L = 1.47307, C_D = 0.024470
[2026-03-22 06:19:46]     Batch  7 ( 1400 iters): C_L = 1.47307, C_D = 0.024468
[2026-03-22 06:22:09]     Batch  8 ( 1600 iters): C_L = 1.47307, C_D = 0.024469
[2026-03-22 06:24:32]     Batch  9 ( 1800 iters): C_L = 1.47307, C_D = 0.024469
[2026-03-22 06:26:56]     Batch 10 ( 2000 iters): C_L = 1.47307, C_D = 0.024469
[2026-03-22 06:26:56]              C_L change: 0.0000%, C_D change: 0.0019%
[2026-03-22 06:26:56]     >>> CONVERGED at 2000 iterations (C_L change = 0.0000% < 0.1%)
[2026-03-22 06:26:57]   FINAL: C_L = 1.47307, C_D = 0.024469 | converged at 2000 iters
[2026-03-22 06:26:57]   ETA: 703.5 min remaining
[2026-03-22 06:26:57] 
[2026-03-22 06:26:57] ============================================================
[2026-03-22 06:26:57]   [17/45] alpha = 16.0deg (upstroke)
[2026-03-22 06:26:57] ============================================================
[2026-03-22 06:26:57]   Convergence settings: min=2000, max=5000, batch=200, tol=0.1%
[2026-03-22 06:29:55]     Batch  1 (  200 iters): C_L = 1.52985, C_D = 0.028300
[2026-03-22 06:32:20]     Batch  2 (  400 iters): C_L = 1.52986, C_D = 0.028301
[2026-03-22 06:34:44]     Batch  3 (  600 iters): C_L = 1.52986, C_D = 0.028300
[2026-03-22 06:37:09]     Batch  4 (  800 iters): C_L = 1.52986, C_D = 0.028301
[2026-03-22 06:39:33]     Batch  5 ( 1000 iters): C_L = 1.52986, C_D = 0.028301
[2026-03-22 06:41:57]     Batch  6 ( 1200 iters): C_L = 1.52986, C_D = 0.028301
[2026-03-22 06:44:20]     Batch  7 ( 1400 iters): C_L = 1.52986, C_D = 0.028299
[2026-03-22 06:46:47]     Batch  8 ( 1600 iters): C_L = 1.52986, C_D = 0.028300
[2026-03-22 06:49:10]     Batch  9 ( 1800 iters): C_L = 1.52986, C_D = 0.028300
[2026-03-22 06:51:35]     Batch 10 ( 2000 iters): C_L = 1.52986, C_D = 0.028300
[2026-03-22 06:51:35]              C_L change: 0.0001%, C_D change: 0.0003%
[2026-03-22 06:51:35]     >>> CONVERGED at 2000 iterations (C_L change = 0.0001% < 0.1%)
[2026-03-22 06:51:35]   FINAL: C_L = 1.52986, C_D = 0.028300 | converged at 2000 iters
[2026-03-22 06:51:39]   Saved: F:\pf\design modeller\NACA 0012_files\static_sweep_output_20260321_215701\case_data\naca0012_sst_alpha16_upstroke.cas.h5
[2026-03-22 06:51:39]   ETA: 680.0 min remaining
[2026-03-22 06:51:39] 
[2026-03-22 06:51:39] ============================================================
[2026-03-22 06:51:39]   [18/45] alpha = 17.0deg (upstroke)
[2026-03-22 06:51:39] ============================================================
[2026-03-22 06:51:39]   Convergence settings: min=2000, max=5000, batch=200, tol=0.1%
[2026-03-22 06:55:00]     Batch  1 (  200 iters): C_L = 1.56875, C_D = 0.033598
[2026-03-22 06:57:43]     Batch  2 (  400 iters): C_L = 1.56848, C_D = 0.033597
[2026-03-22 07:00:09]     Batch  3 (  600 iters): C_L = 1.56848, C_D = 0.033597
[2026-03-22 07:02:34]     Batch  4 (  800 iters): C_L = 1.56848, C_D = 0.033597
[2026-03-22 07:04:59]     Batch  5 ( 1000 iters): C_L = 1.56848, C_D = 0.033597
[2026-03-22 07:07:23]     Batch  6 ( 1200 iters): C_L = 1.56848, C_D = 0.033597
[2026-03-22 07:09:48]     Batch  7 ( 1400 iters): C_L = 1.56848, C_D = 0.033595
[2026-03-22 07:12:13]     Batch  8 ( 1600 iters): C_L = 1.56848, C_D = 0.033597
[2026-03-22 07:14:42]     Batch  9 ( 1800 iters): C_L = 1.56849, C_D = 0.033596
[2026-03-22 07:17:09]     Batch 10 ( 2000 iters): C_L = 1.56848, C_D = 0.033596
[2026-03-22 07:17:09]              C_L change: 0.0006%, C_D change: 0.0020%
[2026-03-22 07:17:09]     >>> CONVERGED at 2000 iterations (C_L change = 0.0006% < 0.1%)
[2026-03-22 07:17:09]   FINAL: C_L = 1.56848, C_D = 0.033596 | converged at 2000 iters
[2026-03-22 07:17:09]   ETA: 657.5 min remaining
[2026-03-22 07:17:09] 
[2026-03-22 07:17:09] ============================================================
[2026-03-22 07:17:09]   [19/45] alpha = 18.0deg (upstroke)
[2026-03-22 07:17:09] ============================================================
[2026-03-22 07:17:10]   Convergence settings: min=2000, max=5000, batch=200, tol=0.1%
[2026-03-22 07:21:03]     Batch  1 (  200 iters): C_L = 1.68562, C_D = 0.036480
[2026-03-22 07:25:00]     Batch  2 (  400 iters): C_L = 0.99136, C_D = 0.079209
[2026-03-22 07:28:56]     Batch  3 (  600 iters): C_L = 1.45589, C_D = 0.045512
[2026-03-22 07:32:52]     Batch  4 (  800 iters): C_L = 1.02991, C_D = 0.222602
[2026-03-22 07:36:47]     Batch  5 ( 1000 iters): C_L = 1.22887, C_D = 0.105966
[2026-03-22 07:40:41]     Batch  6 ( 1200 iters): C_L = 1.60278, C_D = 0.039786
[2026-03-22 07:44:34]     Batch  7 ( 1400 iters): C_L = 1.55643, C_D = 0.041388
[2026-03-22 07:48:27]     Batch  8 ( 1600 iters): C_L = 1.59854, C_D = 0.041963
[2026-03-22 07:52:18]     Batch  9 ( 1800 iters): C_L = 1.54861, C_D = 0.041709
[2026-03-22 07:56:10]     Batch 10 ( 2000 iters): C_L = 1.59644, C_D = 0.041730
[2026-03-22 07:56:10]              C_L change: 3.0888%, C_D change: 0.0490%
[2026-03-22 07:59:58]     Batch 11 ( 2200 iters): C_L = 1.56815, C_D = 0.041527
[2026-03-22 07:59:58]              C_L change: 1.7721%, C_D change: 0.4854%
[2026-03-22 08:03:41]     Batch 12 ( 2400 iters): C_L = 1.56830, C_D = 0.041914
[2026-03-22 08:03:41]              C_L change: 0.0100%, C_D change: 0.9313%
[2026-03-22 08:07:23]     Batch 13 ( 2600 iters): C_L = 1.57507, C_D = 0.041910
[2026-03-22 08:07:23]              C_L change: 0.4312%, C_D change: 0.0106%
[2026-03-22 08:11:02]     Batch 14 ( 2800 iters): C_L = 1.57546, C_D = 0.041887
[2026-03-22 08:11:02]              C_L change: 0.0247%, C_D change: 0.0536%
[2026-03-22 08:11:02]     >>> CONVERGED at 2800 iterations (C_L change = 0.0247% < 0.1%)
[2026-03-22 08:11:02]   FINAL: C_L = 1.57546, C_D = 0.041887 | converged at 2800 iters
[2026-03-22 08:11:05]   Saved: F:\pf\design modeller\NACA 0012_files\static_sweep_output_20260321_215701\case_data\naca0012_sst_alpha18_upstroke.cas.h5
[2026-03-22 08:11:05]   ETA: 673.7 min remaining
[2026-03-22 08:11:05] 
[2026-03-22 08:11:05] ============================================================
[2026-03-22 08:11:05]   [20/45] alpha = 19.0deg (upstroke)
[2026-03-22 08:11:05] ============================================================
[2026-03-22 08:11:06]   Convergence settings: min=2000, max=5000, batch=200, tol=0.1%
[2026-03-22 08:14:59]     Batch  1 (  200 iters): C_L = 0.35669, C_D = 0.154795
[2026-03-22 08:18:50]     Batch  2 (  400 iters): C_L = 1.52513, C_D = 0.061820
[2026-03-22 08:22:41]     Batch  3 (  600 iters): C_L = 1.49269, C_D = 0.059668
[2026-03-22 08:26:38]     Batch  4 (  800 iters): C_L = 0.81852, C_D = 0.109825
[2026-03-22 08:30:34]     Batch  5 ( 1000 iters): C_L = 0.61963, C_D = 0.362702
[2026-03-22 08:34:30]     Batch  6 ( 1200 iters): C_L = 0.79303, C_D = 0.174043
[2026-03-22 08:38:24]     Batch  7 ( 1400 iters): C_L = 1.07638, C_D = 0.328814
[2026-03-22 08:42:20]     Batch  8 ( 1600 iters): C_L = 0.33958, C_D = 0.149385
[2026-03-22 08:46:13]     Batch  9 ( 1800 iters): C_L = 1.20162, C_D = 0.164035
[2026-03-22 08:50:02]     Batch 10 ( 2000 iters): C_L = 0.57290, C_D = 0.247621
[2026-03-22 08:50:02]              C_L change: 52.3228%, C_D change: 50.9561%
[2026-03-22 08:53:57]     Batch 11 ( 2200 iters): C_L = 0.48802, C_D = 0.183800
[2026-03-22 08:53:57]              C_L change: 14.8167%, C_D change: 25.7737%
[2026-03-22 08:57:53]     Batch 12 ( 2400 iters): C_L = 0.52326, C_D = 0.201625
[2026-03-22 08:57:53]              C_L change: 7.2220%, C_D change: 9.6983%
[2026-03-22 09:01:41]     Batch 13 ( 2600 iters): C_L = 1.60565, C_D = 0.049285
[2026-03-22 09:01:41]              C_L change: 206.8550%, C_D change: 75.5560%
[2026-03-22 09:05:39]     Batch 14 ( 2800 iters): C_L = 1.43402, C_D = 0.077943
[2026-03-22 09:05:39]              C_L change: 10.6889%, C_D change: 58.1474%
[2026-03-22 09:09:35]     Batch 15 ( 3000 iters): C_L = 0.68021, C_D = 0.135462
[2026-03-22 09:09:35]              C_L change: 52.5664%, C_D change: 73.7947%
[2026-03-22 09:13:29]     Batch 16 ( 3200 iters): C_L = 0.32644, C_D = 0.247226
[2026-03-22 09:13:29]              C_L change: 52.0091%, C_D change: 82.5064%
[2026-03-22 09:17:24]     Batch 17 ( 3400 iters): C_L = 0.78310, C_D = 0.372043
[2026-03-22 09:17:24]              C_L change: 139.8919%, C_D change: 50.4868%
[2026-03-22 09:21:20]     Batch 18 ( 3600 iters): C_L = 0.43575, C_D = 0.197447
[2026-03-22 09:21:20]              C_L change: 44.3559%, C_D change: 46.9290%
[2026-03-22 09:25:19]     Batch 19 ( 3800 iters): C_L = 0.64558, C_D = 0.259664
[2026-03-22 09:25:19]              C_L change: 48.1544%, C_D change: 31.5110%
[2026-03-22 09:29:16]     Batch 20 ( 4000 iters): C_L = 0.54313, C_D = 0.142372
[2026-03-22 09:29:16]              C_L change: 15.8700%, C_D change: 45.1709%
[2026-03-22 09:33:15]     Batch 21 ( 4200 iters): C_L = 0.55584, C_D = 0.238020
[2026-03-22 09:33:15]              C_L change: 2.3403%, C_D change: 67.1824%
[2026-03-22 09:37:08]     Batch 22 ( 4400 iters): C_L = 1.27091, C_D = 0.055080
[2026-03-22 09:37:08]              C_L change: 128.6479%, C_D change: 76.8591%
[2026-03-22 09:41:06]     Batch 23 ( 4600 iters): C_L = 1.08446, C_D = 0.158366
[2026-03-22 09:41:06]              C_L change: 14.6703%, C_D change: 187.5200%
[2026-03-22 09:45:01]     Batch 24 ( 4800 iters): C_L = 1.01307, C_D = 0.117330
[2026-03-22 09:45:01]              C_L change: 6.5836%, C_D change: 25.9120%
[2026-03-22 09:48:56]     Batch 25 ( 5000 iters): C_L = 0.64817, C_D = 0.336175
[2026-03-22 09:48:56]              C_L change: 36.0189%, C_D change: 186.5202%
[2026-03-22 09:48:56]     >>> NOT CONVERGED after 5000 iterations (hit maximum — expected for post-stall)
[2026-03-22 09:48:56]   FINAL: C_L = 0.64817, C_D = 0.336175 | oscillating after 5000 iters (expected post-stall)
[2026-03-22 09:48:56]   ETA: 737.7 min remaining
[2026-03-22 09:48:56] 
[2026-03-22 09:48:56] ============================================================
[2026-03-22 09:48:56]   [21/45] alpha = 20.0deg (upstroke)
[2026-03-22 09:48:56] ============================================================
[2026-03-22 09:48:57]   Convergence settings: min=2000, max=5000, batch=200, tol=0.1%
[2026-03-22 09:52:54]     Batch  1 (  200 iters): C_L = 0.84274, C_D = 0.195524
[2026-03-22 09:56:46]     Batch  2 (  400 iters): C_L = 1.52650, C_D = 0.063003
[2026-03-22 10:00:43]     Batch  3 (  600 iters): C_L = 0.47705, C_D = 0.219600
[2026-03-22 10:04:39]     Batch  4 (  800 iters): C_L = 1.03312, C_D = 0.115294
[2026-03-22 10:08:34]     Batch  5 ( 1000 iters): C_L = 0.43596, C_D = 0.222642
[2026-03-22 10:12:34]     Batch  6 ( 1200 iters): C_L = 0.46465, C_D = 0.226765
[2026-03-22 10:16:28]     Batch  7 ( 1400 iters): C_L = 1.41439, C_D = 0.076692
[2026-03-22 10:20:24]     Batch  8 ( 1600 iters): C_L = 0.62267, C_D = 0.352637
[2026-03-22 10:24:18]     Batch  9 ( 1800 iters): C_L = 1.64310, C_D = 0.062823
[2026-03-22 10:28:16]     Batch 10 ( 2000 iters): C_L = 0.50127, C_D = 0.212205
[2026-03-22 10:28:16]              C_L change: 69.4922%, C_D change: 237.7810%
[2026-03-22 10:32:13]     Batch 11 ( 2200 iters): C_L = 0.55140, C_D = 0.236443
[2026-03-22 10:32:13]              C_L change: 9.9991%, C_D change: 11.4218%
[2026-03-22 10:36:12]     Batch 12 ( 2400 iters): C_L = 1.08557, C_D = 0.131096
[2026-03-22 10:36:12]              C_L change: 96.8767%, C_D change: 44.5548%
[2026-03-22 10:40:10]     Batch 13 ( 2600 iters): C_L = 1.26060, C_D = 0.107984
[2026-03-22 10:40:10]              C_L change: 16.1230%, C_D change: 17.6302%
[2026-03-22 10:44:07]     Batch 14 ( 2800 iters): C_L = 0.51296, C_D = 0.214193
[2026-03-22 10:44:07]              C_L change: 59.3084%, C_D change: 98.3570%
[2026-03-22 10:48:04]     Batch 15 ( 3000 iters): C_L = 0.89322, C_D = 0.257055
[2026-03-22 10:48:04]              C_L change: 74.1308%, C_D change: 20.0109%
[2026-03-22 10:52:01]     Batch 16 ( 3200 iters): C_L = 0.94279, C_D = 0.140809
[2026-03-22 10:52:01]              C_L change: 5.5502%, C_D change: 45.2224%
[2026-03-22 10:55:57]     Batch 17 ( 3400 iters): C_L = 0.41336, C_D = 0.252068
[2026-03-22 10:55:57]              C_L change: 56.1555%, C_D change: 79.0142%
[2026-03-22 10:59:55]     Batch 18 ( 3600 iters): C_L = 1.23295, C_D = 0.084956
[2026-03-22 10:59:55]              C_L change: 198.2734%, C_D change: 66.2965%
[2026-03-22 11:03:53]     Batch 19 ( 3800 iters): C_L = 0.79944, C_D = 0.168748
[2026-03-22 11:03:53]              C_L change: 35.1606%, C_D change: 98.6308%
[2026-03-22 11:07:53]     Batch 20 ( 4000 iters): C_L = 0.44222, C_D = 0.261278
[2026-03-22 11:07:53]              C_L change: 44.6838%, C_D change: 54.8332%
[2026-03-22 11:11:50]     Batch 21 ( 4200 iters): C_L = 0.56143, C_D = 0.218457
[2026-03-22 11:11:50]              C_L change: 26.9575%, C_D change: 16.3889%
[2026-03-22 11:15:47]     Batch 22 ( 4400 iters): C_L = 0.49221, C_D = 0.288466
[2026-03-22 11:15:47]              C_L change: 12.3297%, C_D change: 32.0471%
[2026-03-22 11:19:45]     Batch 23 ( 4600 iters): C_L = 0.40727, C_D = 0.227717
[2026-03-22 11:19:45]              C_L change: 17.2574%, C_D change: 21.0594%
[2026-03-22 11:23:43]     Batch 24 ( 4800 iters): C_L = 0.69795, C_D = 0.189359
[2026-03-22 11:23:43]              C_L change: 71.3756%, C_D change: 16.8444%
[2026-03-22 11:27:39]     Batch 25 ( 5000 iters): C_L = 1.07867, C_D = 0.136756
[2026-03-22 11:27:39]              C_L change: 54.5482%, C_D change: 27.7797%
[2026-03-22 11:27:39]     >>> NOT CONVERGED after 5000 iterations (hit maximum — expected for post-stall)
[2026-03-22 11:27:40]   FINAL: C_L = 1.07867, C_D = 0.136756 | oscillating after 5000 iters (expected post-stall)
[2026-03-22 11:27:43]   Saved: F:\pf\design modeller\NACA 0012_files\static_sweep_output_20260321_215701\case_data\naca0012_sst_alpha20_upstroke.cas.h5
[2026-03-22 11:27:43]   ETA: 787.3 min remaining
[2026-03-22 11:27:43] 
[2026-03-22 11:27:43] ============================================================
[2026-03-22 11:27:43]   [22/45] alpha = 21.0deg (upstroke)
[2026-03-22 11:27:43] ============================================================
[2026-03-22 11:27:44]   Convergence settings: min=2000, max=5000, batch=200, tol=0.1%
[2026-03-22 11:31:35]     Batch  1 (  200 iters): C_L = 0.53356, C_D = 0.236467
[2026-03-22 11:35:30]     Batch  2 (  400 iters): C_L = 0.52921, C_D = 0.215041
[2026-03-22 11:39:23]     Batch  3 (  600 iters): C_L = 0.75827, C_D = 0.193079
[2026-03-22 11:43:15]     Batch  4 (  800 iters): C_L = 1.27376, C_D = 0.118364
[2026-03-22 11:47:07]     Batch  5 ( 1000 iters): C_L = 0.99336, C_D = 0.162553
[2026-03-22 11:51:00]     Batch  6 ( 1200 iters): C_L = 0.45584, C_D = 0.207777
[2026-03-22 11:54:55]     Batch  7 ( 1400 iters): C_L = 0.72971, C_D = 0.330197
[2026-03-22 11:58:51]     Batch  8 ( 1600 iters): C_L = 1.04176, C_D = 0.151825
[2026-03-22 12:02:46]     Batch  9 ( 1800 iters): C_L = 0.41132, C_D = 0.201967
[2026-03-22 12:06:43]     Batch 10 ( 2000 iters): C_L = 1.03348, C_D = 0.105040
[2026-03-22 12:06:43]              C_L change: 151.2589%, C_D change: 47.9917%
[2026-03-22 12:10:35]     Batch 11 ( 2200 iters): C_L = 0.56108, C_D = 0.236352
[2026-03-22 12:10:35]              C_L change: 45.7097%, C_D change: 125.0121%
[2026-03-22 12:14:28]     Batch 12 ( 2400 iters): C_L = 1.32648, C_D = 0.115582
[2026-03-22 12:14:28]              C_L change: 136.4155%, C_D change: 51.0974%
[2026-03-22 12:18:23]     Batch 13 ( 2600 iters): C_L = 0.48791, C_D = 0.219523
[2026-03-22 12:18:23]              C_L change: 63.2175%, C_D change: 89.9276%
[2026-03-22 12:22:19]     Batch 14 ( 2800 iters): C_L = 1.43784, C_D = 0.103656
[2026-03-22 12:22:19]              C_L change: 194.6928%, C_D change: 52.7811%
[2026-03-22 12:26:15]     Batch 15 ( 3000 iters): C_L = 0.41943, C_D = 0.229965
[2026-03-22 12:26:15]              C_L change: 70.8293%, C_D change: 121.8527%
[2026-03-22 12:30:12]     Batch 16 ( 3200 iters): C_L = 0.74882, C_D = 0.151004
[2026-03-22 12:30:12]              C_L change: 78.5331%, C_D change: 34.3360%
[2026-03-22 12:34:07]     Batch 17 ( 3400 iters): C_L = 0.53995, C_D = 0.229820
[2026-03-22 12:34:07]              C_L change: 27.8927%, C_D change: 52.1946%
[2026-03-22 12:38:03]     Batch 18 ( 3600 iters): C_L = 0.56020, C_D = 0.335529
[2026-03-22 12:38:03]              C_L change: 3.7505%, C_D change: 45.9965%
[2026-03-22 12:42:00]     Batch 19 ( 3800 iters): C_L = 0.64942, C_D = 0.195328
[2026-03-22 12:42:00]              C_L change: 15.9265%, C_D change: 41.7850%
[2026-03-22 12:45:55]     Batch 20 ( 4000 iters): C_L = 0.65920, C_D = 0.208058
[2026-03-22 12:45:55]              C_L change: 1.5053%, C_D change: 6.5171%
[2026-03-22 12:49:47]     Batch 21 ( 4200 iters): C_L = 1.30515, C_D = 0.092236
[2026-03-22 12:49:47]              C_L change: 97.9910%, C_D change: 55.6681%
[2026-03-22 12:53:44]     Batch 22 ( 4400 iters): C_L = 0.76126, C_D = 0.240413
[2026-03-22 12:53:44]              C_L change: 41.6726%, C_D change: 160.6501%
[2026-03-22 12:57:38]     Batch 23 ( 4600 iters): C_L = 0.52789, C_D = 0.221260
[2026-03-22 12:57:38]              C_L change: 30.6561%, C_D change: 7.9668%
[2026-03-22 13:01:33]     Batch 24 ( 4800 iters): C_L = 0.77695, C_D = 0.181397
[2026-03-22 13:01:33]              C_L change: 47.1806%, C_D change: 18.0165%
[2026-03-22 13:05:29]     Batch 25 ( 5000 iters): C_L = 1.26232, C_D = 0.140108
[2026-03-22 13:05:29]              C_L change: 62.4712%, C_D change: 22.7614%
[2026-03-22 13:05:29]     >>> NOT CONVERGED after 5000 iterations (hit maximum — expected for post-stall)
[2026-03-22 13:05:30]   FINAL: C_L = 1.26232, C_D = 0.140108 | oscillating after 5000 iters (expected post-stall)
[2026-03-22 13:05:30]   ETA: 822.5 min remaining
[2026-03-22 13:05:30] 
[2026-03-22 13:05:30] ============================================================
[2026-03-22 13:05:30]   [23/45] alpha = 22.0deg (upstroke)
[2026-03-22 13:05:30] ============================================================
[2026-03-22 13:05:30]   Convergence settings: min=2000, max=5000, batch=200, tol=0.1%
[2026-03-22 13:09:30]     Batch  1 (  200 iters): C_L = 0.91996, C_D = 0.244577
[2026-03-22 13:13:30]     Batch  2 (  400 iters): C_L = 0.59311, C_D = 0.230445
[2026-03-22 13:17:26]     Batch  3 (  600 iters): C_L = 0.57435, C_D = 0.240501
[2026-03-22 13:21:28]     Batch  4 (  800 iters): C_L = 0.60250, C_D = 0.252692
[2026-03-22 13:25:36]     Batch  5 ( 1000 iters): C_L = 0.62095, C_D = 0.249175
[2026-03-22 13:29:50]     Batch  6 ( 1200 iters): C_L = 1.00491, C_D = 0.182941
[2026-03-22 13:33:52]     Batch  7 ( 1400 iters): C_L = 1.11635, C_D = 0.204419
[2026-03-22 13:37:46]     Batch  8 ( 1600 iters): C_L = 0.59408, C_D = 0.197913
[2026-03-22 13:41:48]     Batch  9 ( 1800 iters): C_L = 0.57865, C_D = 0.229832
[2026-03-22 13:45:48]     Batch 10 ( 2000 iters): C_L = 0.58927, C_D = 0.238285
[2026-03-22 13:45:48]              C_L change: 1.8356%, C_D change: 3.6782%
[2026-03-22 13:49:48]     Batch 11 ( 2200 iters): C_L = 0.52288, C_D = 0.235496
[2026-03-22 13:49:48]              C_L change: 11.2663%, C_D change: 1.1708%
[2026-03-22 13:53:36]     Batch 12 ( 2400 iters): C_L = 0.61175, C_D = 0.256090
[2026-03-22 13:53:36]              C_L change: 16.9952%, C_D change: 8.7453%
[2026-03-22 13:57:25]     Batch 13 ( 2600 iters): C_L = 0.60172, C_D = 0.251684
[2026-03-22 13:57:25]              C_L change: 1.6401%, C_D change: 1.7206%
[2026-03-22 14:01:17]     Batch 14 ( 2800 iters): C_L = 0.59739, C_D = 0.252527
[2026-03-22 14:01:17]              C_L change: 0.7198%, C_D change: 0.3351%
[2026-03-22 14:05:09]     Batch 15 ( 3000 iters): C_L = 0.63811, C_D = 0.245603
[2026-03-22 14:05:09]              C_L change: 6.8172%, C_D change: 2.7421%
[2026-03-22 14:09:06]     Batch 16 ( 3200 iters): C_L = 0.90556, C_D = 0.194477
[2026-03-22 14:09:06]              C_L change: 41.9125%, C_D change: 20.8165%
[2026-03-22 14:12:59]     Batch 17 ( 3400 iters): C_L = 1.02539, C_D = 0.154750
[2026-03-22 14:12:59]              C_L change: 13.2325%, C_D change: 20.4273%
[2026-03-22 14:16:56]     Batch 18 ( 3600 iters): C_L = 0.70475, C_D = 0.185071
[2026-03-22 14:16:56]              C_L change: 31.2700%, C_D change: 19.5931%
[2026-03-22 14:20:50]     Batch 19 ( 3800 iters): C_L = 0.55855, C_D = 0.218634
[2026-03-22 14:20:50]              C_L change: 20.7445%, C_D change: 18.1354%
[2026-03-22 14:24:44]     Batch 20 ( 4000 iters): C_L = 0.60045, C_D = 0.243846
[2026-03-22 14:24:44]              C_L change: 7.5008%, C_D change: 11.5314%
[2026-03-22 14:28:46]     Batch 21 ( 4200 iters): C_L = 0.60227, C_D = 0.251083
[2026-03-22 14:28:46]              C_L change: 0.3036%, C_D change: 2.9680%
[2026-03-22 14:32:42]     Batch 22 ( 4400 iters): C_L = 0.60350, C_D = 0.253516
[2026-03-22 14:32:42]              C_L change: 0.2037%, C_D change: 0.9690%
[2026-03-22 14:36:39]     Batch 23 ( 4600 iters): C_L = 0.60468, C_D = 0.252751
[2026-03-22 14:36:39]              C_L change: 0.1959%, C_D change: 0.3018%
[2026-03-22 14:40:33]     Batch 24 ( 4800 iters): C_L = 0.89953, C_D = 0.193890
[2026-03-22 14:40:33]              C_L change: 48.7612%, C_D change: 23.2883%
[2026-03-22 14:44:29]     Batch 25 ( 5000 iters): C_L = 0.94552, C_D = 0.168569
[2026-03-22 14:44:29]              C_L change: 5.1131%, C_D change: 13.0594%
[2026-03-22 14:44:29]     >>> NOT CONVERGED after 5000 iterations (hit maximum — expected for post-stall)
[2026-03-22 14:44:29]   FINAL: C_L = 0.94552, C_D = 0.168569 | oscillating after 5000 iters (expected post-stall)
[2026-03-22 14:44:33]   Saved: F:\pf\design modeller\NACA 0012_files\static_sweep_output_20260321_215701\case_data\naca0012_sst_alpha22_upstroke.cas.h5
[2026-03-22 14:44:33]   ETA: 847.2 min remaining
[2026-03-22 14:44:33] 
[2026-03-22 14:44:33] ============================================================
[2026-03-22 14:44:33]   [24/45] alpha = 21.0deg (downstroke)
[2026-03-22 14:44:33] ============================================================
[2026-03-22 14:44:33]   Convergence settings: min=2000, max=5000, batch=200, tol=0.1%
[2026-03-22 14:48:29]     Batch  1 (  200 iters): C_L = 0.46783, C_D = 0.264250
[2026-03-22 14:52:26]     Batch  2 (  400 iters): C_L = 0.54856, C_D = 0.247170
[2026-03-22 14:56:26]     Batch  3 (  600 iters): C_L = 0.45184, C_D = 0.236364
[2026-03-22 15:00:23]     Batch  4 (  800 iters): C_L = 0.63605, C_D = 0.234549
[2026-03-22 15:04:21]     Batch  5 ( 1000 iters): C_L = 1.33775, C_D = 0.144388
[2026-03-22 15:08:17]     Batch  6 ( 1200 iters): C_L = 0.38979, C_D = 0.248283
[2026-03-22 15:12:16]     Batch  7 ( 1400 iters): C_L = 0.63128, C_D = 0.227001
[2026-03-22 15:16:16]     Batch  8 ( 1600 iters): C_L = 0.86841, C_D = 0.131996
[2026-03-22 15:20:12]     Batch  9 ( 1800 iters): C_L = 0.45835, C_D = 0.225084
[2026-03-22 15:24:06]     Batch 10 ( 2000 iters): C_L = 0.60786, C_D = 0.222153
[2026-03-22 15:24:06]              C_L change: 32.6185%, C_D change: 1.3019%
[2026-03-22 15:28:17]     Batch 11 ( 2200 iters): C_L = 0.60518, C_D = 0.243715
[2026-03-22 15:28:17]              C_L change: 0.4414%, C_D change: 9.7056%
[2026-03-22 15:32:15]     Batch 12 ( 2400 iters): C_L = 0.91486, C_D = 0.180353
[2026-03-22 15:32:15]              C_L change: 51.1730%, C_D change: 25.9984%
[2026-03-22 15:36:13]     Batch 13 ( 2600 iters): C_L = 0.93989, C_D = 0.172467
[2026-03-22 15:36:13]              C_L change: 2.7355%, C_D change: 4.3725%
[2026-03-22 15:40:10]     Batch 14 ( 2800 iters): C_L = 1.19927, C_D = 0.136439
[2026-03-22 15:40:10]              C_L change: 27.5971%, C_D change: 20.8898%
[2026-03-22 15:44:07]     Batch 15 ( 3000 iters): C_L = 1.31182, C_D = 0.098205
[2026-03-22 15:44:07]              C_L change: 9.3842%, C_D change: 28.0227%
[2026-03-22 15:48:02]     Batch 16 ( 3200 iters): C_L = 0.66749, C_D = 0.304745
[2026-03-22 15:48:02]              C_L change: 49.1169%, C_D change: 210.3161%
[2026-03-22 15:51:58]     Batch 17 ( 3400 iters): C_L = 0.39645, C_D = 0.211915
[2026-03-22 15:51:58]              C_L change: 40.6057%, C_D change: 30.4617%
[2026-03-22 15:55:56]     Batch 18 ( 3600 iters): C_L = 1.46184, C_D = 0.107379
[2026-03-22 15:55:56]              C_L change: 268.7300%, C_D change: 49.3293%
[2026-03-22 15:59:48]     Batch 19 ( 3800 iters): C_L = 1.25774, C_D = 0.107486
[2026-03-22 15:59:48]              C_L change: 13.9618%, C_D change: 0.0999%
[2026-03-22 16:03:45]     Batch 20 ( 4000 iters): C_L = 1.22613, C_D = 0.134218
[2026-03-22 16:03:45]              C_L change: 2.5135%, C_D change: 24.8704%
[2026-03-22 16:07:42]     Batch 21 ( 4200 iters): C_L = 0.49615, C_D = 0.223590
[2026-03-22 16:07:42]              C_L change: 59.5352%, C_D change: 66.5875%
[2026-03-22 16:11:34]     Batch 22 ( 4400 iters): C_L = 1.05243, C_D = 0.150400
[2026-03-22 16:11:34]              C_L change: 112.1200%, C_D change: 32.7341%
[2026-03-22 16:15:33]     Batch 23 ( 4600 iters): C_L = 1.25162, C_D = 0.147468
[2026-03-22 16:15:33]              C_L change: 18.9265%, C_D change: 1.9493%
[2026-03-22 16:19:30]     Batch 24 ( 4800 iters): C_L = 0.96764, C_D = 0.163349
[2026-03-22 16:19:30]              C_L change: 22.6892%, C_D change: 10.7692%
[2026-03-22 16:23:24]     Batch 25 ( 5000 iters): C_L = 1.09929, C_D = 0.148359
[2026-03-22 16:23:24]              C_L change: 13.6056%, C_D change: 9.1767%
[2026-03-22 16:23:24]     >>> NOT CONVERGED after 5000 iterations (hit maximum — expected for post-stall)
[2026-03-22 16:23:24]   FINAL: C_L = 1.09929, C_D = 0.148359 | oscillating after 5000 iters (expected post-stall)
[2026-03-22 16:23:28]   Saved: F:\pf\design modeller\NACA 0012_files\static_sweep_output_20260321_215701\case_data\naca0012_sst_alpha21_downstroke.cas.h5
[2026-03-22 16:23:28]   ETA: 861.6 min remaining
[2026-03-22 16:23:28] 
[2026-03-22 16:23:28] ============================================================
[2026-03-22 16:23:28]   [25/45] alpha = 20.0deg (downstroke)
[2026-03-22 16:23:28] ============================================================
[2026-03-22 16:23:28]   Convergence settings: min=2000, max=5000, batch=200, tol=0.1%
[2026-03-22 16:27:24]     Batch  1 (  200 iters): C_L = 0.61572, C_D = 0.258899
[2026-03-22 16:31:21]     Batch  2 (  400 iters): C_L = 0.94035, C_D = 0.153223
[2026-03-22 16:35:19]     Batch  3 (  600 iters): C_L = 1.58451, C_D = 0.069472
[2026-03-22 16:39:19]     Batch  4 (  800 iters): C_L = 0.71907, C_D = 0.346435
[2026-03-22 16:43:10]     Batch  5 ( 1000 iters): C_L = 0.46346, C_D = 0.212031
[2026-03-22 16:47:08]     Batch  6 ( 1200 iters): C_L = 0.51191, C_D = 0.175791
[2026-03-22 16:51:31]     Batch  7 ( 1400 iters): C_L = 1.35197, C_D = 0.096261
[2026-03-22 16:55:39]     Batch  8 ( 1600 iters): C_L = 0.84194, C_D = 0.179403
[2026-03-22 16:59:38]     Batch  9 ( 1800 iters): C_L = 0.53272, C_D = 0.219902
[2026-03-22 17:03:38]     Batch 10 ( 2000 iters): C_L = 0.92053, C_D = 0.223579
[2026-03-22 17:03:38]              C_L change: 72.7988%, C_D change: 1.6722%
[2026-03-22 17:07:37]     Batch 11 ( 2200 iters): C_L = 1.54965, C_D = 0.077560
[2026-03-22 17:07:37]              C_L change: 68.3442%, C_D change: 65.3099%
[2026-03-22 17:11:39]     Batch 12 ( 2400 iters): C_L = 1.61106, C_D = 0.068668
[2026-03-22 17:11:39]              C_L change: 3.9624%, C_D change: 11.4650%
[2026-03-22 17:15:38]     Batch 13 ( 2600 iters): C_L = 1.49334, C_D = 0.069867
[2026-03-22 17:15:38]              C_L change: 7.3066%, C_D change: 1.7470%
[2026-03-22 17:19:40]     Batch 14 ( 2800 iters): C_L = 0.42139, C_D = 0.214113
[2026-03-22 17:19:40]              C_L change: 71.7823%, C_D change: 206.4571%
[2026-03-22 17:23:40]     Batch 15 ( 3000 iters): C_L = 1.65177, C_D = 0.064789
[2026-03-22 17:23:40]              C_L change: 291.9840%, C_D change: 69.7408%
[2026-03-22 17:27:42]     Batch 16 ( 3200 iters): C_L = 1.34643, C_D = 0.099111
[2026-03-22 17:27:42]              C_L change: 18.4859%, C_D change: 52.9750%
[2026-03-22 17:31:45]     Batch 17 ( 3400 iters): C_L = 0.49821, C_D = 0.190925
[2026-03-22 17:31:45]              C_L change: 62.9974%, C_D change: 92.6380%
[2026-03-22 17:35:45]     Batch 18 ( 3600 iters): C_L = 1.01718, C_D = 0.137253
[2026-03-22 17:35:45]              C_L change: 104.1649%, C_D change: 28.1117%
[2026-03-22 17:39:45]     Batch 19 ( 3800 iters): C_L = 0.38583, C_D = 0.197208
[2026-03-22 17:39:45]              C_L change: 62.0683%, C_D change: 43.6824%
[2026-03-22 17:43:46]     Batch 20 ( 4000 iters): C_L = 1.24020, C_D = 0.121087
[2026-03-22 17:43:46]              C_L change: 221.4341%, C_D change: 38.5995%
[2026-03-22 17:47:46]     Batch 21 ( 4200 iters): C_L = 0.47417, C_D = 0.211532
[2026-03-22 17:47:46]              C_L change: 61.7668%, C_D change: 74.6947%
[2026-03-22 17:51:46]     Batch 22 ( 4400 iters): C_L = 0.45491, C_D = 0.198394
[2026-03-22 17:51:46]              C_L change: 4.0605%, C_D change: 6.2108%
[2026-03-22 17:55:48]     Batch 23 ( 4600 iters): C_L = 0.49916, C_D = 0.239515
[2026-03-22 17:55:48]              C_L change: 9.7273%, C_D change: 20.7264%
[2026-03-22 17:59:53]     Batch 24 ( 4800 iters): C_L = 1.35085, C_D = 0.100441
[2026-03-22 17:59:53]              C_L change: 170.6220%, C_D change: 58.0646%
[2026-03-22 18:03:56]     Batch 25 ( 5000 iters): C_L = 0.54733, C_D = 0.237928
[2026-03-22 18:03:56]              C_L change: 59.4828%, C_D change: 136.8827%
[2026-03-22 18:03:56]     >>> NOT CONVERGED after 5000 iterations (hit maximum — expected for post-stall)
[2026-03-22 18:03:56]   FINAL: C_L = 0.54733, C_D = 0.237928 | oscillating after 5000 iters (expected post-stall)
[2026-03-22 18:03:59]   Saved: F:\pf\design modeller\NACA 0012_files\static_sweep_output_20260321_215701\case_data\naca0012_sst_alpha20_downstroke.cas.h5
[2026-03-22 18:03:59]   ETA: 868.2 min remaining
[2026-03-22 18:03:59] 
[2026-03-22 18:03:59] ============================================================
[2026-03-22 18:03:59]   [26/45] alpha = 19.0deg (downstroke)
[2026-03-22 18:03:59] ============================================================
[2026-03-22 18:04:00]   Convergence settings: min=2000, max=5000, batch=200, tol=0.1%
[2026-03-22 18:07:59]     Batch  1 (  200 iters): C_L = 1.36137, C_D = 0.050214
[2026-03-22 18:12:03]     Batch  2 (  400 iters): C_L = 0.71513, C_D = 0.188290
[2026-03-22 18:16:05]     Batch  3 (  600 iters): C_L = 0.63968, C_D = 0.303201
[2026-03-22 18:20:06]     Batch  4 (  800 iters): C_L = 0.78855, C_D = 0.315782
[2026-03-22 18:24:08]     Batch  5 ( 1000 iters): C_L = 1.37322, C_D = 0.058707
[2026-03-22 18:28:07]     Batch  6 ( 1200 iters): C_L = 0.86867, C_D = 0.162075
[2026-03-22 18:32:07]     Batch  7 ( 1400 iters): C_L = 0.38045, C_D = 0.187075
[2026-03-22 18:36:09]     Batch  8 ( 1600 iters): C_L = 1.50593, C_D = 0.061303
[2026-03-22 18:40:11]     Batch  9 ( 1800 iters): C_L = 1.56221, C_D = 0.049969
[2026-03-22 18:44:17]     Batch 10 ( 2000 iters): C_L = 1.22509, C_D = 0.247974
[2026-03-22 18:44:17]              C_L change: 21.5796%, C_D change: 396.2515%
[2026-03-22 18:48:21]     Batch 11 ( 2200 iters): C_L = 0.91153, C_D = 0.262354
[2026-03-22 18:48:21]              C_L change: 25.5945%, C_D change: 5.7992%
[2026-03-22 18:52:20]     Batch 12 ( 2400 iters): C_L = 0.38757, C_D = 0.207230
[2026-03-22 18:52:20]              C_L change: 57.4820%, C_D change: 21.0116%
[2026-03-22 18:56:21]     Batch 13 ( 2600 iters): C_L = 0.42671, C_D = 0.183856
[2026-03-22 18:56:21]              C_L change: 10.1003%, C_D change: 11.2789%
[2026-03-22 19:00:25]     Batch 14 ( 2800 iters): C_L = 0.48962, C_D = 0.201441
[2026-03-22 19:00:25]              C_L change: 14.7435%, C_D change: 9.5643%
[2026-03-22 19:04:28]     Batch 15 ( 3000 iters): C_L = 1.63860, C_D = 0.050249
[2026-03-22 19:04:28]              C_L change: 234.6654%, C_D change: 75.0554%
[2026-03-22 19:08:34]     Batch 16 ( 3200 iters): C_L = 1.03730, C_D = 0.166125
[2026-03-22 19:08:34]              C_L change: 36.6962%, C_D change: 230.6053%
[2026-03-22 19:12:53]     Batch 17 ( 3400 iters): C_L = 0.70233, C_D = 0.275129
[2026-03-22 19:12:53]              C_L change: 32.2923%, C_D change: 65.6163%
[2026-03-22 19:17:19]     Batch 18 ( 3600 iters): C_L = 1.07807, C_D = 0.076247
[2026-03-22 19:17:19]              C_L change: 53.4991%, C_D change: 72.2867%
[2026-03-22 19:21:26]     Batch 19 ( 3800 iters): C_L = 0.76238, C_D = 0.143786
[2026-03-22 19:21:26]              C_L change: 29.2829%, C_D change: 88.5787%
[2026-03-22 19:25:31]     Batch 20 ( 4000 iters): C_L = 0.38909, C_D = 0.210575
[2026-03-22 19:25:31]              C_L change: 48.9633%, C_D change: 46.4499%
[2026-03-22 19:29:29]     Batch 21 ( 4200 iters): C_L = 0.36058, C_D = 0.202994
[2026-03-22 19:29:29]              C_L change: 7.3272%, C_D change: 3.6001%
[2026-03-22 19:33:27]     Batch 22 ( 4400 iters): C_L = 1.09084, C_D = 0.331558
[2026-03-22 19:33:27]              C_L change: 202.5195%, C_D change: 63.3341%
[2026-03-22 19:37:25]     Batch 23 ( 4600 iters): C_L = 0.77268, C_D = 0.316004
[2026-03-22 19:37:25]              C_L change: 29.1664%, C_D change: 4.6912%
[2026-03-22 19:41:27]     Batch 24 ( 4800 iters): C_L = 0.73318, C_D = 0.183375
[2026-03-22 19:41:27]              C_L change: 5.1121%, C_D change: 41.9706%
[2026-03-22 19:45:29]     Batch 25 ( 5000 iters): C_L = 0.68646, C_D = 0.202118
[2026-03-22 19:45:29]              C_L change: 6.3719%, C_D change: 10.2209%
[2026-03-22 19:45:29]     >>> NOT CONVERGED after 5000 iterations (hit maximum — expected for post-stall)
[2026-03-22 19:45:29]   FINAL: C_L = 0.68646, C_D = 0.202118 | oscillating after 5000 iters (expected post-stall)
[2026-03-22 19:45:33]   Saved: F:\pf\design modeller\NACA 0012_files\static_sweep_output_20260321_215701\case_data\naca0012_sst_alpha19_downstroke.cas.h5
[2026-03-22 19:45:33]   ETA: 867.2 min remaining
[2026-03-22 19:45:33] 
[2026-03-22 19:45:33] ============================================================
[2026-03-22 19:45:33]   [27/45] alpha = 18.0deg (downstroke)
[2026-03-22 19:45:33] ============================================================
[2026-03-22 19:45:33]   Convergence settings: min=2000, max=5000, batch=200, tol=0.1%
[2026-03-22 19:49:30]     Batch  1 (  200 iters): C_L = 1.62134, C_D = 0.041718
[2026-03-22 19:53:33]     Batch  2 (  400 iters): C_L = 0.79282, C_D = 0.300151
[2026-03-22 19:57:35]     Batch  3 (  600 iters): C_L = 0.46797, C_D = 0.215237
[2026-03-22 20:01:31]     Batch  4 (  800 iters): C_L = 1.55573, C_D = 0.041332
[2026-03-22 20:05:31]     Batch  5 ( 1000 iters): C_L = 1.46848, C_D = 0.052196
[2026-03-22 20:09:35]     Batch  6 ( 1200 iters): C_L = 0.88203, C_D = 0.272036
[2026-03-22 20:13:39]     Batch  7 ( 1400 iters): C_L = 0.61928, C_D = 0.193066
[2026-03-22 20:17:38]     Batch  8 ( 1600 iters): C_L = 0.30975, C_D = 0.142757
[2026-03-22 20:21:38]     Batch  9 ( 1800 iters): C_L = 1.60690, C_D = 0.042249
[2026-03-22 20:25:34]     Batch 10 ( 2000 iters): C_L = 1.60317, C_D = 0.041074
[2026-03-22 20:25:34]              C_L change: 0.2321%, C_D change: 2.7821%
[2026-03-22 20:29:35]     Batch 11 ( 2200 iters): C_L = 1.54119, C_D = 0.042708
[2026-03-22 20:29:35]              C_L change: 3.8662%, C_D change: 3.9803%
[2026-03-22 20:33:33]     Batch 12 ( 2400 iters): C_L = 1.58305, C_D = 0.041145
[2026-03-22 20:33:33]              C_L change: 2.7157%, C_D change: 3.6609%
[2026-03-22 20:37:34]     Batch 13 ( 2600 iters): C_L = 1.04368, C_D = 0.140063
[2026-03-22 20:37:34]              C_L change: 34.0712%, C_D change: 240.4142%
[2026-03-22 20:41:29]     Batch 14 ( 2800 iters): C_L = 1.58563, C_D = 0.041257
[2026-03-22 20:41:29]              C_L change: 51.9261%, C_D change: 70.5440%
[2026-03-22 20:45:29]     Batch 15 ( 3000 iters): C_L = 1.57310, C_D = 0.042446
[2026-03-22 20:45:29]              C_L change: 0.7897%, C_D change: 2.8826%
[2026-03-22 20:49:27]     Batch 16 ( 3200 iters): C_L = 1.56545, C_D = 0.041344
[2026-03-22 20:49:27]              C_L change: 0.4867%, C_D change: 2.5972%
[2026-03-22 20:53:26]     Batch 17 ( 3400 iters): C_L = 1.59332, C_D = 0.042157
[2026-03-22 20:53:26]              C_L change: 1.7803%, C_D change: 1.9658%
[2026-03-22 20:57:23]     Batch 18 ( 3600 iters): C_L = 1.55426, C_D = 0.041529
[2026-03-22 20:57:23]              C_L change: 2.4516%, C_D change: 1.4888%
[2026-03-22 21:01:20]     Batch 19 ( 3800 iters): C_L = 1.59499, C_D = 0.041880
[2026-03-22 21:01:20]              C_L change: 2.6211%, C_D change: 0.8457%
[2026-03-22 21:05:14]     Batch 20 ( 4000 iters): C_L = 1.56979, C_D = 0.041480
[2026-03-22 21:05:14]              C_L change: 1.5805%, C_D change: 0.9565%
[2026-03-22 21:09:04]     Batch 21 ( 4200 iters): C_L = 1.56744, C_D = 0.041889
[2026-03-22 21:09:04]              C_L change: 0.1496%, C_D change: 0.9869%
[2026-03-22 21:12:51]     Batch 22 ( 4400 iters): C_L = 1.57259, C_D = 0.041909
[2026-03-22 21:12:51]              C_L change: 0.3286%, C_D change: 0.0489%
[2026-03-22 21:16:34]     Batch 23 ( 4600 iters): C_L = 1.57139, C_D = 0.041879
[2026-03-22 21:16:34]              C_L change: 0.0764%, C_D change: 0.0735%
[2026-03-22 21:16:34]     >>> CONVERGED at 4600 iterations (C_L change = 0.0764% < 0.1%)
[2026-03-22 21:16:35]   FINAL: C_L = 1.57139, C_D = 0.041879 | converged at 4600 iters
[2026-03-22 21:16:39]   Saved: F:\pf\design modeller\NACA 0012_files\static_sweep_output_20260321_215701\case_data\naca0012_sst_alpha18_downstroke.cas.h5
[2026-03-22 21:16:39]   ETA: 851.9 min remaining
[2026-03-22 21:16:39] 
[2026-03-22 21:16:39] ============================================================
[2026-03-22 21:16:39]   [28/45] alpha = 17.0deg (downstroke)
[2026-03-22 21:16:39] ============================================================
[2026-03-22 21:16:39]   Convergence settings: min=2000, max=5000, batch=200, tol=0.1%
[2026-03-22 21:19:54]     Batch  1 (  200 iters): C_L = 1.56866, C_D = 0.033592
[2026-03-22 21:22:39]     Batch  2 (  400 iters): C_L = 1.56848, C_D = 0.033596
[2026-03-22 21:25:12]     Batch  3 (  600 iters): C_L = 1.56849, C_D = 0.033596
[2026-03-22 21:27:42]     Batch  4 (  800 iters): C_L = 1.56847, C_D = 0.033597
[2026-03-22 21:30:12]     Batch  5 ( 1000 iters): C_L = 1.56849, C_D = 0.033597
[2026-03-22 21:32:43]     Batch  6 ( 1200 iters): C_L = 1.56848, C_D = 0.033596
[2026-03-22 21:35:14]     Batch  7 ( 1400 iters): C_L = 1.56849, C_D = 0.033596
[2026-03-22 21:37:46]     Batch  8 ( 1600 iters): C_L = 1.56849, C_D = 0.033597
[2026-03-22 21:40:14]     Batch  9 ( 1800 iters): C_L = 1.56848, C_D = 0.033597
[2026-03-22 21:42:43]     Batch 10 ( 2000 iters): C_L = 1.56849, C_D = 0.033596
[2026-03-22 21:42:43]              C_L change: 0.0007%, C_D change: 0.0028%
[2026-03-22 21:42:43]     >>> CONVERGED at 2000 iterations (C_L change = 0.0007% < 0.1%)
[2026-03-22 21:42:44]   FINAL: C_L = 1.56849, C_D = 0.033596 | converged at 2000 iters
[2026-03-22 21:42:47]   Saved: F:\pf\design modeller\NACA 0012_files\static_sweep_output_20260321_215701\case_data\naca0012_sst_alpha17_downstroke.cas.h5
[2026-03-22 21:42:47]   ETA: 791.7 min remaining
[2026-03-22 21:42:47] 
[2026-03-22 21:42:47] ============================================================
[2026-03-22 21:42:47]   [29/45] alpha = 16.0deg (downstroke)
[2026-03-22 21:42:47] ============================================================
[2026-03-22 21:42:47]   Convergence settings: min=2000, max=5000, batch=200, tol=0.1%
[2026-03-22 21:45:44]     Batch  1 (  200 iters): C_L = 1.52986, C_D = 0.028300
[2026-03-22 21:48:13]     Batch  2 (  400 iters): C_L = 1.52986, C_D = 0.028300
[2026-03-22 21:50:41]     Batch  3 (  600 iters): C_L = 1.52986, C_D = 0.028301
[2026-03-22 21:53:09]     Batch  4 (  800 iters): C_L = 1.52986, C_D = 0.028299
[2026-03-22 21:55:37]     Batch  5 ( 1000 iters): C_L = 1.52986, C_D = 0.028300
[2026-03-22 21:58:06]     Batch  6 ( 1200 iters): C_L = 1.52986, C_D = 0.028299
[2026-03-22 22:00:34]     Batch  7 ( 1400 iters): C_L = 1.52986, C_D = 0.028300
[2026-03-22 22:03:02]     Batch  8 ( 1600 iters): C_L = 1.52986, C_D = 0.028300
[2026-03-22 22:05:31]     Batch  9 ( 1800 iters): C_L = 1.52986, C_D = 0.028300
[2026-03-22 22:07:58]     Batch 10 ( 2000 iters): C_L = 1.52986, C_D = 0.028300
[2026-03-22 22:07:58]              C_L change: 0.0002%, C_D change: 0.0010%
[2026-03-22 22:07:58]     >>> CONVERGED at 2000 iterations (C_L change = 0.0002% < 0.1%)
[2026-03-22 22:07:58]   FINAL: C_L = 1.52986, C_D = 0.028300 | converged at 2000 iters
[2026-03-22 22:08:02]   Saved: F:\pf\design modeller\NACA 0012_files\static_sweep_output_20260321_215701\case_data\naca0012_sst_alpha16_downstroke.cas.h5
[2026-03-22 22:08:02]   ETA: 733.4 min remaining
[2026-03-22 22:08:02] 
[2026-03-22 22:08:02] ============================================================
[2026-03-22 22:08:02]   [30/45] alpha = 15.0deg (downstroke)
[2026-03-22 22:08:02] ============================================================
[2026-03-22 22:08:02]   Convergence settings: min=2000, max=5000, batch=200, tol=0.1%
[2026-03-22 22:10:49]     Batch  1 (  200 iters): C_L = 1.47307, C_D = 0.024469
[2026-03-22 22:13:17]     Batch  2 (  400 iters): C_L = 1.47307, C_D = 0.024469
[2026-03-22 22:15:44]     Batch  3 (  600 iters): C_L = 1.47307, C_D = 0.024470
[2026-03-22 22:18:13]     Batch  4 (  800 iters): C_L = 1.47307, C_D = 0.024469
[2026-03-22 22:20:39]     Batch  5 ( 1000 iters): C_L = 1.47307, C_D = 0.024468
[2026-03-22 22:23:06]     Batch  6 ( 1200 iters): C_L = 1.47307, C_D = 0.024468
[2026-03-22 22:25:35]     Batch  7 ( 1400 iters): C_L = 1.47307, C_D = 0.024469
[2026-03-22 22:28:03]     Batch  8 ( 1600 iters): C_L = 1.47307, C_D = 0.024469
[2026-03-22 22:30:30]     Batch  9 ( 1800 iters): C_L = 1.47307, C_D = 0.024469
[2026-03-22 22:32:57]     Batch 10 ( 2000 iters): C_L = 1.47307, C_D = 0.024469
[2026-03-22 22:32:57]              C_L change: 0.0001%, C_D change: 0.0028%
[2026-03-22 22:32:57]     >>> CONVERGED at 2000 iterations (C_L change = 0.0001% < 0.1%)
[2026-03-22 22:32:57]   FINAL: C_L = 1.47307, C_D = 0.024469 | converged at 2000 iters
[2026-03-22 22:33:01]   Saved: F:\pf\design modeller\NACA 0012_files\static_sweep_output_20260321_215701\case_data\naca0012_sst_alpha15_downstroke.cas.h5
[2026-03-22 22:33:01]   ETA: 677.1 min remaining
[2026-03-22 22:33:01] 
[2026-03-22 22:33:01] ============================================================
[2026-03-22 22:33:01]   [31/45] alpha = 14.0deg (downstroke)
[2026-03-22 22:33:01] ============================================================
[2026-03-22 22:33:01]   Convergence settings: min=2000, max=5000, batch=200, tol=0.1%
[2026-03-22 22:35:43]     Batch  1 (  200 iters): C_L = 1.40357, C_D = 0.021500
[2026-03-22 22:38:15]     Batch  2 (  400 iters): C_L = 1.40357, C_D = 0.021500
[2026-03-22 22:40:48]     Batch  3 (  600 iters): C_L = 1.40357, C_D = 0.021500
[2026-03-22 22:43:19]     Batch  4 (  800 iters): C_L = 1.40357, C_D = 0.021500
[2026-03-22 22:45:48]     Batch  5 ( 1000 iters): C_L = 1.40357, C_D = 0.021500
[2026-03-22 22:48:18]     Batch  6 ( 1200 iters): C_L = 1.40357, C_D = 0.021500
[2026-03-22 22:50:50]     Batch  7 ( 1400 iters): C_L = 1.40357, C_D = 0.021500
[2026-03-22 22:53:22]     Batch  8 ( 1600 iters): C_L = 1.40357, C_D = 0.021500
[2026-03-22 22:55:54]     Batch  9 ( 1800 iters): C_L = 1.40357, C_D = 0.021500
[2026-03-22 22:58:26]     Batch 10 ( 2000 iters): C_L = 1.40357, C_D = 0.021499
[2026-03-22 22:58:26]              C_L change: 0.0001%, C_D change: 0.0024%
[2026-03-22 22:58:26]     >>> CONVERGED at 2000 iterations (C_L change = 0.0001% < 0.1%)
[2026-03-22 22:58:27]   FINAL: C_L = 1.40357, C_D = 0.021499 | converged at 2000 iters
[2026-03-22 22:58:30]   Saved: F:\pf\design modeller\NACA 0012_files\static_sweep_output_20260321_215701\case_data\naca0012_sst_alpha14_downstroke.cas.h5
[2026-03-22 22:58:30]   ETA: 623.1 min remaining
[2026-03-22 22:58:30] 
[2026-03-22 22:58:30] ============================================================
[2026-03-22 22:58:30]   [32/45] alpha = 13.0deg (downstroke)
[2026-03-22 22:58:30] ============================================================
[2026-03-22 22:58:30]   Convergence settings: min=2000, max=5000, batch=200, tol=0.1%
[2026-03-22 23:01:09]     Batch  1 (  200 iters): C_L = 1.32487, C_D = 0.019097
[2026-03-22 23:03:47]     Batch  2 (  400 iters): C_L = 1.32487, C_D = 0.019097
[2026-03-22 23:06:32]     Batch  3 (  600 iters): C_L = 1.32487, C_D = 0.019097
[2026-03-22 23:09:17]     Batch  4 (  800 iters): C_L = 1.32487, C_D = 0.019097
[2026-03-22 23:12:01]     Batch  5 ( 1000 iters): C_L = 1.32487, C_D = 0.019097
[2026-03-22 23:14:46]     Batch  6 ( 1200 iters): C_L = 1.32487, C_D = 0.019097
[2026-03-22 23:17:31]     Batch  7 ( 1400 iters): C_L = 1.32487, C_D = 0.019097
[2026-03-22 23:20:17]     Batch  8 ( 1600 iters): C_L = 1.32487, C_D = 0.019097
[2026-03-22 23:23:03]     Batch  9 ( 1800 iters): C_L = 1.32487, C_D = 0.019097
[2026-03-22 23:25:47]     Batch 10 ( 2000 iters): C_L = 1.32487, C_D = 0.019097
[2026-03-22 23:25:47]              C_L change: 0.0000%, C_D change: 0.0008%
[2026-03-22 23:25:47]     >>> CONVERGED at 2000 iterations (C_L change = 0.0000% < 0.1%)
[2026-03-22 23:25:48]   FINAL: C_L = 1.32487, C_D = 0.019097 | converged at 2000 iters
[2026-03-22 23:25:51]   Saved: F:\pf\design modeller\NACA 0012_files\static_sweep_output_20260321_215701\case_data\naca0012_sst_alpha13_downstroke.cas.h5
[2026-03-22 23:25:51]   ETA: 571.6 min remaining
[2026-03-22 23:25:51] 
[2026-03-22 23:25:51] ============================================================
[2026-03-22 23:25:51]   [33/45] alpha = 12.0deg (downstroke)
[2026-03-22 23:25:51] ============================================================
[2026-03-22 23:25:51]   Convergence settings: min=2000, max=5000, batch=200, tol=0.1%
[2026-03-22 23:28:35]     Batch  1 (  200 iters): C_L = 1.23927, C_D = 0.017103
[2026-03-22 23:31:28]     Batch  2 (  400 iters): C_L = 1.23927, C_D = 0.017102
[2026-03-22 23:34:47]     Batch  3 (  600 iters): C_L = 1.23927, C_D = 0.017103
[2026-03-22 23:38:08]     Batch  4 (  800 iters): C_L = 1.23927, C_D = 0.017102
[2026-03-22 23:41:28]     Batch  5 ( 1000 iters): C_L = 1.23927, C_D = 0.017102
[2026-03-22 23:44:48]     Batch  6 ( 1200 iters): C_L = 1.23927, C_D = 0.017103
[2026-03-22 23:48:08]     Batch  7 ( 1400 iters): C_L = 1.23927, C_D = 0.017102
[2026-03-22 23:51:29]     Batch  8 ( 1600 iters): C_L = 1.23927, C_D = 0.017102
[2026-03-22 23:54:49]     Batch  9 ( 1800 iters): C_L = 1.23927, C_D = 0.017103
[2026-03-22 23:58:09]     Batch 10 ( 2000 iters): C_L = 1.23927, C_D = 0.017102
[2026-03-22 23:58:09]              C_L change: 0.0000%, C_D change: 0.0019%
[2026-03-22 23:58:09]     >>> CONVERGED at 2000 iterations (C_L change = 0.0000% < 0.1%)
[2026-03-22 23:58:10]   FINAL: C_L = 1.23927, C_D = 0.017102 | converged at 2000 iters
[2026-03-22 23:58:13]   Saved: F:\pf\design modeller\NACA 0012_files\static_sweep_output_20260321_215701\case_data\naca0012_sst_alpha12_downstroke.cas.h5
[2026-03-22 23:58:13]   ETA: 523.4 min remaining
[2026-03-22 23:58:13] 
[2026-03-22 23:58:13] ============================================================
[2026-03-22 23:58:13]   [34/45] alpha = 11.0deg (downstroke)
[2026-03-22 23:58:13] ============================================================
[2026-03-22 23:58:14]   Convergence settings: min=1000, max=3000, batch=200, tol=0.1%
[2026-03-23 00:00:55]     Batch  1 (  200 iters): C_L = 1.14831, C_D = 0.015420
[2026-03-23 00:03:53]     Batch  2 (  400 iters): C_L = 1.14831, C_D = 0.015420
[2026-03-23 00:06:56]     Batch  3 (  600 iters): C_L = 1.14831, C_D = 0.015421
[2026-03-23 00:09:58]     Batch  4 (  800 iters): C_L = 1.14831, C_D = 0.015420
[2026-03-23 00:13:01]     Batch  5 ( 1000 iters): C_L = 1.14831, C_D = 0.015421
[2026-03-23 00:13:01]              C_L change: 0.0000%, C_D change: 0.0025%
[2026-03-23 00:13:01]     >>> CONVERGED at 1000 iterations (C_L change = 0.0000% < 0.1%)
[2026-03-23 00:13:01]   FINAL: C_L = 1.14831, C_D = 0.015421 | converged at 1000 iters
[2026-03-23 00:13:05]   Saved: F:\pf\design modeller\NACA 0012_files\static_sweep_output_20260321_215701\case_data\naca0012_sst_alpha11_downstroke.cas.h5
[2026-03-23 00:13:05]   ETA: 470.5 min remaining
[2026-03-23 00:13:05] 
[2026-03-23 00:13:05] ============================================================
[2026-03-23 00:13:05]   [35/45] alpha = 10.0deg (downstroke)
[2026-03-23 00:13:05] ============================================================
[2026-03-23 00:13:05]   Convergence settings: min=1000, max=3000, batch=200, tol=0.1%
[2026-03-23 00:15:56]     Batch  1 (  200 iters): C_L = 1.05316, C_D = 0.013990
[2026-03-23 00:18:57]     Batch  2 (  400 iters): C_L = 1.05316, C_D = 0.013990
[2026-03-23 00:22:00]     Batch  3 (  600 iters): C_L = 1.05316, C_D = 0.013990
[2026-03-23 00:25:02]     Batch  4 (  800 iters): C_L = 1.05316, C_D = 0.013990
[2026-03-23 00:28:04]     Batch  5 ( 1000 iters): C_L = 1.05316, C_D = 0.013990
[2026-03-23 00:28:04]              C_L change: 0.0000%, C_D change: 0.0004%
[2026-03-23 00:28:04]     >>> CONVERGED at 1000 iterations (C_L change = 0.0000% < 0.1%)
[2026-03-23 00:28:04]   FINAL: C_L = 1.05316, C_D = 0.013990 | converged at 1000 iters
[2026-03-23 00:28:08]   Saved: F:\pf\design modeller\NACA 0012_files\static_sweep_output_20260321_215701\case_data\naca0012_sst_alpha10_downstroke.cas.h5
[2026-03-23 00:28:08]   ETA: 419.8 min remaining
[2026-03-23 00:28:08] 
[2026-03-23 00:28:08] ============================================================
[2026-03-23 00:28:08]   [36/45] alpha = 9.0deg (downstroke)
[2026-03-23 00:28:08] ============================================================
[2026-03-23 00:28:08]   Convergence settings: min=1000, max=3000, batch=200, tol=0.1%
[2026-03-23 00:31:04]     Batch  1 (  200 iters): C_L = 0.95474, C_D = 0.012772
[2026-03-23 00:34:00]     Batch  2 (  400 iters): C_L = 0.95474, C_D = 0.012772
[2026-03-23 00:37:16]     Batch  3 (  600 iters): C_L = 0.95474, C_D = 0.012772
[2026-03-23 00:40:29]     Batch  4 (  800 iters): C_L = 0.95474, C_D = 0.012772
[2026-03-23 00:43:43]     Batch  5 ( 1000 iters): C_L = 0.95474, C_D = 0.012772
[2026-03-23 00:43:43]              C_L change: 0.0000%, C_D change: 0.0000%
[2026-03-23 00:43:43]     >>> CONVERGED at 1000 iterations (C_L change = 0.0000% < 0.1%)
[2026-03-23 00:43:43]   FINAL: C_L = 0.95474, C_D = 0.012772 | converged at 1000 iters
[2026-03-23 00:43:47]   Saved: F:\pf\design modeller\NACA 0012_files\static_sweep_output_20260321_215701\case_data\naca0012_sst_alpha9_downstroke.cas.h5
[2026-03-23 00:43:47]   ETA: 371.2 min remaining
[2026-03-23 00:43:47] 
[2026-03-23 00:43:47] ============================================================
[2026-03-23 00:43:47]   [37/45] alpha = 8.0deg (downstroke)
[2026-03-23 00:43:47] ============================================================
[2026-03-23 00:43:47]   Convergence settings: min=1000, max=3000, batch=200, tol=0.1%
[2026-03-23 00:46:53]     Batch  1 (  200 iters): C_L = 0.85365, C_D = 0.011735
[2026-03-23 00:49:10]     Batch  2 (  400 iters): C_L = 0.85365, C_D = 0.011735
[2026-03-23 00:51:20]     Batch  3 (  600 iters): C_L = 0.85365, C_D = 0.011735
[2026-03-23 00:53:29]     Batch  4 (  800 iters): C_L = 0.85365, C_D = 0.011735
[2026-03-23 00:55:39]     Batch  5 ( 1000 iters): C_L = 0.85365, C_D = 0.011735
[2026-03-23 00:55:39]              C_L change: 0.0000%, C_D change: 0.0000%
[2026-03-23 00:55:39]     >>> CONVERGED at 1000 iterations (C_L change = 0.0000% < 0.1%)
[2026-03-23 00:55:39]   FINAL: C_L = 0.85365, C_D = 0.011735 | converged at 1000 iters
[2026-03-23 00:55:43]   Saved: F:\pf\design modeller\NACA 0012_files\static_sweep_output_20260321_215701\case_data\naca0012_sst_alpha8_downstroke.cas.h5
[2026-03-23 00:55:43]   ETA: 323.7 min remaining
[2026-03-23 00:55:43] 
[2026-03-23 00:55:43] ============================================================
[2026-03-23 00:55:43]   [38/45] alpha = 7.0deg (downstroke)
[2026-03-23 00:55:43] ============================================================
[2026-03-23 00:55:43]   Convergence settings: min=1000, max=3000, batch=200, tol=0.1%
[2026-03-23 00:59:05]     Batch  1 (  200 iters): C_L = 0.75052, C_D = 0.010858
[2026-03-23 01:02:27]     Batch  2 (  400 iters): C_L = 0.75052, C_D = 0.010858
[2026-03-23 01:05:37]     Batch  3 (  600 iters): C_L = 0.75052, C_D = 0.010858
[2026-03-23 01:08:41]     Batch  4 (  800 iters): C_L = 0.75052, C_D = 0.010858
[2026-03-23 01:11:57]     Batch  5 ( 1000 iters): C_L = 0.75052, C_D = 0.010858
[2026-03-23 01:11:57]              C_L change: 0.0000%, C_D change: 0.0000%
[2026-03-23 01:11:57]     >>> CONVERGED at 1000 iterations (C_L change = 0.0000% < 0.1%)
[2026-03-23 01:11:58]   FINAL: C_L = 0.75052, C_D = 0.010858 | converged at 1000 iters
[2026-03-23 01:12:01]   Saved: F:\pf\design modeller\NACA 0012_files\static_sweep_output_20260321_215701\case_data\naca0012_sst_alpha7_downstroke.cas.h5
[2026-03-23 01:12:01]   ETA: 278.8 min remaining
[2026-03-23 01:12:01] 
[2026-03-23 01:12:01] ============================================================
[2026-03-23 01:12:01]   [39/45] alpha = 6.0deg (downstroke)
[2026-03-23 01:12:01] ============================================================
[2026-03-23 01:12:01]   Convergence settings: min=1000, max=3000, batch=200, tol=0.1%
[2026-03-23 01:15:50]     Batch  1 (  200 iters): C_L = 0.64582, C_D = 0.010124
[2026-03-23 01:19:28]     Batch  2 (  400 iters): C_L = 0.64582, C_D = 0.010124
[2026-03-23 01:22:45]     Batch  3 (  600 iters): C_L = 0.64582, C_D = 0.010124
[2026-03-23 01:26:03]     Batch  4 (  800 iters): C_L = 0.64582, C_D = 0.010124
[2026-03-23 01:29:34]     Batch  5 ( 1000 iters): C_L = 0.64582, C_D = 0.010124
[2026-03-23 01:29:34]              C_L change: 0.0000%, C_D change: 0.0000%
[2026-03-23 01:29:34]     >>> CONVERGED at 1000 iterations (C_L change = 0.0000% < 0.1%)
[2026-03-23 01:29:35]   FINAL: C_L = 0.64582, C_D = 0.010124 | converged at 1000 iters
[2026-03-23 01:29:38]   Saved: F:\pf\design modeller\NACA 0012_files\static_sweep_output_20260321_215701\case_data\naca0012_sst_alpha6_downstroke.cas.h5
[2026-03-23 01:29:38]   ETA: 235.5 min remaining
[2026-03-23 01:29:38] 
[2026-03-23 01:29:38] ============================================================
[2026-03-23 01:29:38]   [40/45] alpha = 5.0deg (downstroke)
[2026-03-23 01:29:38] ============================================================
[2026-03-23 01:29:39]   Convergence settings: min=1000, max=3000, batch=200, tol=0.1%
[2026-03-23 01:33:53]     Batch  1 (  200 iters): C_L = 0.53991, C_D = 0.009521
[2026-03-23 01:38:02]     Batch  2 (  400 iters): C_L = 0.53991, C_D = 0.009521
[2026-03-23 01:40:59]     Batch  3 (  600 iters): C_L = 0.53991, C_D = 0.009521
[2026-03-23 01:44:05]     Batch  4 (  800 iters): C_L = 0.53991, C_D = 0.009521
[2026-03-23 01:47:11]     Batch  5 ( 1000 iters): C_L = 0.53991, C_D = 0.009521
[2026-03-23 01:47:11]              C_L change: 0.0000%, C_D change: 0.0000%
[2026-03-23 01:47:11]     >>> CONVERGED at 1000 iterations (C_L change = 0.0000% < 0.1%)
[2026-03-23 01:47:12]   FINAL: C_L = 0.53991, C_D = 0.009521 | converged at 1000 iters
[2026-03-23 01:47:15]   Saved: F:\pf\design modeller\NACA 0012_files\static_sweep_output_20260321_215701\case_data\naca0012_sst_alpha5_downstroke.cas.h5
[2026-03-23 01:47:15]   ETA: 193.6 min remaining
[2026-03-23 01:47:15] 
[2026-03-23 01:47:15] ============================================================
[2026-03-23 01:47:15]   [41/45] alpha = 4.0deg (downstroke)
[2026-03-23 01:47:15] ============================================================
[2026-03-23 01:47:15]   Convergence settings: min=1000, max=3000, batch=200, tol=0.1%
[2026-03-23 01:51:51]     Batch  1 (  200 iters): C_L = 0.43306, C_D = 0.009038
[2026-03-23 01:57:10]     Batch  2 (  400 iters): C_L = 0.43306, C_D = 0.009038
[2026-03-23 02:00:58]     Batch  3 (  600 iters): C_L = 0.43306, C_D = 0.009038
[2026-03-23 02:03:42]     Batch  4 (  800 iters): C_L = 0.43306, C_D = 0.009038
[2026-03-23 02:06:13]     Batch  5 ( 1000 iters): C_L = 0.43306, C_D = 0.009038
[2026-03-23 02:06:13]              C_L change: 0.0000%, C_D change: 0.0000%
[2026-03-23 02:06:13]     >>> CONVERGED at 1000 iterations (C_L change = 0.0000% < 0.1%)
[2026-03-23 02:06:13]   FINAL: C_L = 0.43306, C_D = 0.009038 | converged at 1000 iters
[2026-03-23 02:06:17]   Saved: F:\pf\design modeller\NACA 0012_files\static_sweep_output_20260321_215701\case_data\naca0012_sst_alpha4_downstroke.cas.h5
[2026-03-23 02:06:17]   ETA: 152.9 min remaining
[2026-03-23 02:06:17] 
[2026-03-23 02:06:17] ============================================================
[2026-03-23 02:06:17]   [42/45] alpha = 3.0deg (downstroke)
[2026-03-23 02:06:17] ============================================================
[2026-03-23 02:06:17]   Convergence settings: min=1000, max=3000, batch=200, tol=0.1%
[2026-03-23 02:11:26]     Batch  1 (  200 iters): C_L = 0.32538, C_D = 0.008668
[2026-03-23 02:14:33]     Batch  2 (  400 iters): C_L = 0.32538, C_D = 0.008668
[2026-03-23 02:17:09]     Batch  3 (  600 iters): C_L = 0.32538, C_D = 0.008668
[2026-03-23 02:19:39]     Batch  4 (  800 iters): C_L = 0.32538, C_D = 0.008668
[2026-03-23 02:22:10]     Batch  5 ( 1000 iters): C_L = 0.32538, C_D = 0.008668
[2026-03-23 02:22:10]              C_L change: 0.0000%, C_D change: 0.0000%
[2026-03-23 02:22:10]     >>> CONVERGED at 1000 iterations (C_L change = 0.0000% < 0.1%)
[2026-03-23 02:22:10]   FINAL: C_L = 0.32538, C_D = 0.008668 | converged at 1000 iters
[2026-03-23 02:22:14]   Saved: F:\pf\design modeller\NACA 0012_files\static_sweep_output_20260321_215701\case_data\naca0012_sst_alpha3_downstroke.cas.h5
[2026-03-23 02:22:14]   ETA: 113.1 min remaining
[2026-03-23 02:22:14] 
[2026-03-23 02:22:14] ============================================================
[2026-03-23 02:22:14]   [43/45] alpha = 2.0deg (downstroke)
[2026-03-23 02:22:14] ============================================================
[2026-03-23 02:22:14]   Convergence settings: min=1000, max=3000, batch=200, tol=0.1%
[2026-03-23 02:38:58]     Batch  1 (  200 iters): C_L = 0.21707, C_D = 0.008406
[2026-03-23 02:55:35]     Batch  2 (  400 iters): C_L = 0.21707, C_D = 0.008406
[2026-03-23 03:13:01]     Batch  3 (  600 iters): C_L = 0.21707, C_D = 0.008406
[2026-03-23 03:29:29]     Batch  4 (  800 iters): C_L = 0.21707, C_D = 0.008406
[2026-03-23 03:38:52]     Batch  5 ( 1000 iters): C_L = 0.21707, C_D = 0.008406
[2026-03-23 03:38:52]              C_L change: 0.0000%, C_D change: 0.0000%
[2026-03-23 03:38:52]     >>> CONVERGED at 1000 iterations (C_L change = 0.0000% < 0.1%)
[2026-03-23 03:38:52]   FINAL: C_L = 0.21707, C_D = 0.008406 | converged at 1000 iters
[2026-03-23 03:38:56]   Saved: F:\pf\design modeller\NACA 0012_files\static_sweep_output_20260321_215701\case_data\naca0012_sst_alpha2_downstroke.cas.h5
[2026-03-23 03:38:56]   ETA: 77.2 min remaining
[2026-03-23 03:38:56] 
[2026-03-23 03:38:56] ============================================================
[2026-03-23 03:38:56]   [44/45] alpha = 1.0deg (downstroke)
[2026-03-23 03:38:56] ============================================================
[2026-03-23 03:38:56]   Convergence settings: min=1000, max=3000, batch=200, tol=0.1%
[2026-03-23 03:49:11]     Batch  1 (  200 iters): C_L = 0.10851, C_D = 0.008249
[2026-03-23 03:57:20]     Batch  2 (  400 iters): C_L = 0.10851, C_D = 0.008249
[2026-03-23 04:04:54]     Batch  3 (  600 iters): C_L = 0.10851, C_D = 0.008249
[2026-03-23 04:12:28]     Batch  4 (  800 iters): C_L = 0.10851, C_D = 0.008249
[2026-03-23 04:20:01]     Batch  5 ( 1000 iters): C_L = 0.10851, C_D = 0.008249
[2026-03-23 04:20:01]              C_L change: 0.0000%, C_D change: 0.0000%
[2026-03-23 04:20:01]     >>> CONVERGED at 1000 iterations (C_L change = 0.0000% < 0.1%)
[2026-03-23 04:20:02]   FINAL: C_L = 0.10851, C_D = 0.008249 | converged at 1000 iters
[2026-03-23 04:20:05]   Saved: F:\pf\design modeller\NACA 0012_files\static_sweep_output_20260321_215701\case_data\naca0012_sst_alpha1_downstroke.cas.h5
[2026-03-23 04:20:05]   ETA: 38.7 min remaining
[2026-03-23 04:20:05] 
[2026-03-23 04:20:05] ============================================================
[2026-03-23 04:20:05]   [45/45] alpha = 0.0deg (downstroke)
[2026-03-23 04:20:05] ============================================================
[2026-03-23 04:20:06]   Convergence settings: min=1000, max=3000, batch=200, tol=0.1%
[2026-03-23 04:39:35]     Batch  1 (  200 iters): C_L = -0.00012, C_D = 0.008197
[2026-03-23 04:59:09]     Batch  2 (  400 iters): C_L = -0.00012, C_D = 0.008197
[2026-03-23 05:18:28]     Batch  3 (  600 iters): C_L = -0.00012, C_D = 0.008197
[2026-03-23 05:37:19]     Batch  4 (  800 iters): C_L = -0.00012, C_D = 0.008197
[2026-03-23 05:56:23]     Batch  5 ( 1000 iters): C_L = -0.00012, C_D = 0.008197
[2026-03-23 05:56:23]              C_L change: 0.0000%, C_D change: 0.0000%
[2026-03-23 05:56:23]     >>> CONVERGED at 1000 iterations (C_L change = 0.0000% < 0.1%)
[2026-03-23 05:56:24]   FINAL: C_L = -0.00012, C_D = 0.008197 | converged at 1000 iters
[2026-03-23 05:56:27]   Saved: F:\pf\design modeller\NACA 0012_files\static_sweep_output_20260321_215701\case_data\naca0012_sst_alpha0_downstroke.cas.h5
[2026-03-23 05:56:27]   ETA: 0.0 min remaining
[2026-03-23 05:56:27] 
[2026-03-23 05:56:27] Writing results to: F:\pf\design modeller\NACA 0012_files\static_sweep_output_20260321_215701\logs\sst_static_sweep_coefficients.csv
[2026-03-23 05:56:27] [OK] CSV saved: F:\pf\design modeller\NACA 0012_files\static_sweep_output_20260321_215701\logs\sst_static_sweep_coefficients.csv
[2026-03-23 05:56:27] Writing convergence history to: F:\pf\design modeller\NACA 0012_files\static_sweep_output_20260321_215701\logs\convergence_history.csv
[2026-03-23 05:56:27] [OK] Convergence history saved: F:\pf\design modeller\NACA 0012_files\static_sweep_output_20260321_215701\logs\convergence_history.csv
[2026-03-23 05:56:27] 
[2026-03-23 05:56:27] ======================================================================
[2026-03-23 05:56:27] RESULTS SUMMARY — SST Static Alpha Sweep (v2)
[2026-03-23 05:56:27] ======================================================================
[2026-03-23 05:56:27]   Alpha      Branch       C_L       C_D  Iters Status
[2026-03-23 05:56:27] ----------------------------------------------------------------------
[2026-03-23 05:56:27]     0.0    upstroke  -0.00012  0.008197   1000 converged at 1000 iters
[2026-03-23 05:56:27]     1.0    upstroke   0.10851  0.008249   1000 converged at 1000 iters
[2026-03-23 05:56:27]     2.0    upstroke   0.21707  0.008406   1000 converged at 1000 iters
[2026-03-23 05:56:27]     3.0    upstroke   0.32538  0.008668   1000 converged at 1000 iters
[2026-03-23 05:56:27]     4.0    upstroke   0.43306  0.009038   1000 converged at 1000 iters
[2026-03-23 05:56:27]     5.0    upstroke   0.53991  0.009521   1000 converged at 1000 iters
[2026-03-23 05:56:27]     6.0    upstroke   0.64582  0.010124   1000 converged at 1000 iters
[2026-03-23 05:56:27]     7.0    upstroke   0.75052  0.010858   1000 converged at 1000 iters
[2026-03-23 05:56:27]     8.0    upstroke   0.85365  0.011735   1000 converged at 1000 iters
[2026-03-23 05:56:27]     9.0    upstroke   0.95474  0.012772   1000 converged at 1000 iters
[2026-03-23 05:56:27]    10.0    upstroke   1.05316  0.013990   1000 converged at 1000 iters
[2026-03-23 05:56:27]    11.0    upstroke   1.14831  0.015420   1000 converged at 1000 iters
[2026-03-23 05:56:27]    12.0    upstroke   1.23927  0.017102   2000 converged at 2000 iters
[2026-03-23 05:56:27]    13.0    upstroke   1.32487  0.019097   2000 converged at 2000 iters
[2026-03-23 05:56:27]    14.0    upstroke   1.40357  0.021499   2000 converged at 2000 iters
[2026-03-23 05:56:27]    15.0    upstroke   1.47307  0.024469   2000 converged at 2000 iters
[2026-03-23 05:56:27]    16.0    upstroke   1.52986  0.028300   2000 converged at 2000 iters
[2026-03-23 05:56:27]    17.0    upstroke   1.56848  0.033596   2000 converged at 2000 iters
[2026-03-23 05:56:27]    18.0    upstroke   1.57546  0.041887   2800 converged at 2800 iters
[2026-03-23 05:56:27]    19.0    upstroke   0.64817  0.336175   5000 oscillating after 5000 iters (expected post-stall)
[2026-03-23 05:56:27]    20.0    upstroke   1.07867  0.136756   5000 oscillating after 5000 iters (expected post-stall)
[2026-03-23 05:56:27]    21.0    upstroke   1.26232  0.140108   5000 oscillating after 5000 iters (expected post-stall)
[2026-03-23 05:56:27]    22.0    upstroke   0.94552  0.168569   5000 oscillating after 5000 iters (expected post-stall)
[2026-03-23 05:56:27]    21.0  downstroke   1.09929  0.148359   5000 oscillating after 5000 iters (expected post-stall)
[2026-03-23 05:56:27]    20.0  downstroke   0.54733  0.237928   5000 oscillating after 5000 iters (expected post-stall)
[2026-03-23 05:56:27]    19.0  downstroke   0.68646  0.202118   5000 oscillating after 5000 iters (expected post-stall)
[2026-03-23 05:56:27]    18.0  downstroke   1.57139  0.041879   4600 converged at 4600 iters
[2026-03-23 05:56:27]    17.0  downstroke   1.56849  0.033596   2000 converged at 2000 iters
[2026-03-23 05:56:27]    16.0  downstroke   1.52986  0.028300   2000 converged at 2000 iters
[2026-03-23 05:56:27]    15.0  downstroke   1.47307  0.024469   2000 converged at 2000 iters
[2026-03-23 05:56:27]    14.0  downstroke   1.40357  0.021499   2000 converged at 2000 iters
[2026-03-23 05:56:27]    13.0  downstroke   1.32487  0.019097   2000 converged at 2000 iters
[2026-03-23 05:56:27]    12.0  downstroke   1.23927  0.017102   2000 converged at 2000 iters
[2026-03-23 05:56:27]    11.0  downstroke   1.14831  0.015421   1000 converged at 1000 iters
[2026-03-23 05:56:27]    10.0  downstroke   1.05316  0.013990   1000 converged at 1000 iters
[2026-03-23 05:56:27]     9.0  downstroke   0.95474  0.012772   1000 converged at 1000 iters
[2026-03-23 05:56:27]     8.0  downstroke   0.85365  0.011735   1000 converged at 1000 iters
[2026-03-23 05:56:27]     7.0  downstroke   0.75052  0.010858   1000 converged at 1000 iters
[2026-03-23 05:56:27]     6.0  downstroke   0.64582  0.010124   1000 converged at 1000 iters
[2026-03-23 05:56:27]     5.0  downstroke   0.53991  0.009521   1000 converged at 1000 iters
[2026-03-23 05:56:27]     4.0  downstroke   0.43306  0.009038   1000 converged at 1000 iters
[2026-03-23 05:56:27]     3.0  downstroke   0.32538  0.008668   1000 converged at 1000 iters
[2026-03-23 05:56:27]     2.0  downstroke   0.21707  0.008406   1000 converged at 1000 iters
[2026-03-23 05:56:27]     1.0  downstroke   0.10851  0.008249   1000 converged at 1000 iters
[2026-03-23 05:56:27]     0.0  downstroke  -0.00012  0.008197   1000 converged at 1000 iters
[2026-03-23 05:56:27] 
[2026-03-23 05:56:27] ======================================================================
[2026-03-23 05:56:27] SANITY CHECKS
[2026-03-23 05:56:27] ======================================================================
[2026-03-23 05:56:27]   Lift slope (2-8 deg): dC_L/dalpha = 0.1062/deg
[2026-03-23 05:56:27]   Expected (thin airfoil theory): ~0.110/deg
[2026-03-23 05:56:27]   [OK] Within acceptable range
[2026-03-23 05:56:27]   C_L at alpha=0: upstroke=-0.00012, downstroke=-0.00012, difference=0.00000
[2026-03-23 05:56:27]   [OK] Near-zero lift at alpha=0 on both branches
[2026-03-23 05:56:27]   [OK] No negative drag values detected
[2026-03-23 05:56:27]   [OK] Lift is monotonically increasing 0-10 deg
[2026-03-23 05:56:27] 
[2026-03-23 05:56:27] ======================================================================
[2026-03-23 05:56:27] BIFURCATION HYSTERESIS ANALYSIS
[2026-03-23 05:56:27] (NOT dynamic stall — k ≈ 0.0002 << 0.004 threshold)
[2026-03-23 05:56:27] ======================================================================
[2026-03-23 05:56:27]   Alpha     CL_up   CL_down   Delta_CL  Hysteresis?
[2026-03-23 05:56:27] -------------------------------------------------------
[2026-03-23 05:56:27]     0.0  -0.00012  -0.00012   -0.00000 
[2026-03-23 05:56:27]     1.0   0.10851   0.10851   -0.00000 
[2026-03-23 05:56:27]     2.0   0.21707   0.21707    0.00000 
[2026-03-23 05:56:27]     3.0   0.32538   0.32538   -0.00000 
[2026-03-23 05:56:27]     4.0   0.43306   0.43306    0.00000 
[2026-03-23 05:56:27]     5.0   0.53991   0.53991   -0.00000 
[2026-03-23 05:56:27]     6.0   0.64582   0.64582    0.00000 
[2026-03-23 05:56:27]     7.0   0.75052   0.75052   -0.00000 
[2026-03-23 05:56:27]     8.0   0.85365   0.85365   -0.00000 
[2026-03-23 05:56:27]     9.0   0.95474   0.95474   -0.00000 
[2026-03-23 05:56:27]    10.0   1.05316   1.05316   -0.00000 
[2026-03-23 05:56:27]    11.0   1.14831   1.14831   -0.00000 
[2026-03-23 05:56:27]    12.0   1.23927   1.23927   -0.00000 
[2026-03-23 05:56:27]    13.0   1.32487   1.32487    0.00000 
[2026-03-23 05:56:27]    14.0   1.40357   1.40357   -0.00000 
[2026-03-23 05:56:27]    15.0   1.47307   1.47307    0.00000 
[2026-03-23 05:56:27]    16.0   1.52986   1.52986   -0.00000 
[2026-03-23 05:56:27]    17.0   1.56848   1.56849    0.00002 
[2026-03-23 05:56:27]    18.0   1.57546   1.57139   -0.00407 
[2026-03-23 05:56:27]    19.0   0.64817   0.68646    0.03829 
[2026-03-23 05:56:27]    20.0   1.07867   0.54733   -0.53135   <<< YES
[2026-03-23 05:56:27]    21.0   1.26232   1.09929   -0.16303   <<< YES
[2026-03-23 05:56:27] 
[2026-03-23 05:56:27] RESULT: Static bifurcation hysteresis DETECTED.
[2026-03-23 05:56:27]   Hysteresis range: alpha = 20deg to 21deg
[2026-03-23 05:56:27] 
[2026-03-23 05:56:27]   [OK] Hysteresis confined to stall region — physically plausible.
[2026-03-23 05:56:27]   Path-dependent switching between attached/separated attractors.
[2026-03-23 05:56:27]   (Sereez et al. 2021, J. Aircraft; 2024, Aerospace)
[2026-03-23 05:56:27] 
[2026-03-23 05:56:27] ======================================================================
[2026-03-23 05:56:27] REDUCED FREQUENCY VERIFICATION
[2026-03-23 05:56:27] ======================================================================
[2026-03-23 05:56:27]   Pitch rate:  2.0 deg/s = 0.0349 rad/s
[2026-03-23 05:56:27]   k = (alpha_dot * c) / (2 * V_inf) = 0.000197
[2026-03-23 05:56:27]   Thresholds (McAlister et al., NASA TM-78446):
[2026-03-23 05:56:27]     k < 0.004       Quasi-steady   <-- YOU ARE HERE
[2026-03-23 05:56:27]     k = 0.004-0.05  Mildly unsteady
[2026-03-23 05:56:27]     k = 0.05-0.25   Dynamic stall regime
[2026-03-23 05:56:27]   Your pitch rate is 20x BELOW the quasi-steady threshold.
[2026-03-23 05:56:27] 
[2026-03-23 05:56:27] ======================================================================
[2026-03-23 05:56:27] SIMULATION COMPLETE
[2026-03-23 05:56:27] ======================================================================
[2026-03-23 05:56:27] Total alpha stations: 45
[2026-03-23 05:56:27] Total wall time: 29.96 hours
[2026-03-23 05:56:27] Results CSV:        F:\pf\design modeller\NACA 0012_files\static_sweep_output_20260321_215701\logs\sst_static_sweep_coefficients.csv
[2026-03-23 05:56:27] Convergence CSV:    F:\pf\design modeller\NACA 0012_files\static_sweep_output_20260321_215701\logs\convergence_history.csv
[2026-03-23 05:56:27] Case files:         F:\pf\design modeller\NACA 0012_files\static_sweep_output_20260321_215701\case_data
[2026-03-23 05:56:27] 
[2026-03-23 05:56:27] CORRECT TERMINOLOGY FOR REPORT:
[2026-03-23 05:56:27]   USE:    'quasi-static hysteresis', 'bifurcation hysteresis',
[2026-03-23 05:56:27]           'static stall hysteresis', 'path-dependent stall'
[2026-03-23 05:56:27]   AVOID:  'dynamic stall', 'dynamic stall delay',
[2026-03-23 05:56:27]           'dynamic hysteresis' (at this pitch rate)
[2026-03-23 05:56:27] Closing Fluent session...
